<?xml version="1.0" encoding="UTF-8"?>
<!-- Generated by org.testng.reporters.JUnitReportReporter -->
<testsuite skipped="0" hostname="Walkingtree-PC" name="com.tailorman.script.Login" tests="4" failures="0" timestamp="21 May 2018 08:56:57 GMT" time="88.316" errors="0">
  <testcase name="fieldVerificationInLoginpageSection" time="11.587" classname="com.tailorman.script.Login"/>
  <testcase name="checkAllLinkIsRedirectingToCorrectPageOrNotOrLinkIsClickableOrNot" time="21.207" classname="com.tailorman.script.Login"/>
  <testcase name="loginWithMultipleSetOfData" time="54.485" classname="com.tailorman.script.Login"/>
  <testcase name="resetButtonTesting" time="1.037" classname="com.tailorman.script.Login"/>
</testsuite> <!-- com.tailorman.script.Login -->
