<?xml version="1.0" encoding="UTF-8"?>
<!-- Generated by org.testng.reporters.JUnitReportReporter -->
<testsuite skipped="0" hostname="Walkingtree-PC" name="TailorManWebsiteScript.MyAccount" tests="7" failures="0" timestamp="14 May 2018 13:52:26 GMT" time="19.822" errors="0">
  <testcase name="checkMyAccountExistance" time="14.380" classname="TailorManWebsiteScript.MyAccount"/>
  <testcase name="CheckLoginAndSingUpLinkExistance" time="0.194" classname="TailorManWebsiteScript.MyAccount"/>
  <testcase name="CheckLoginButtonIsClickableAndAfterClickingLoginIsitRedirectingToCorrectPage" time="0.611" classname="TailorManWebsiteScript.MyAccount"/>
  <testcase name="SignUpLinkIsWorking" time="0.480" classname="TailorManWebsiteScript.MyAccount"/>
  <testcase name="CheckAfterLoginProfileLinkExistance" time="1.275" classname="TailorManWebsiteScript.MyAccount"/>
  <testcase name="checkProfileLinkWorking" time="0.549" classname="TailorManWebsiteScript.MyAccount"/>
  <testcase name="CheckSignOutFunctionalityIsWorking" time="2.333" classname="TailorManWebsiteScript.MyAccount"/>
</testsuite> <!-- TailorManWebsiteScript.MyAccount -->
