<?xml version="1.0" encoding="UTF-8"?>
<!-- Generated by org.testng.reporters.JUnitReportReporter -->
<testsuite skipped="0" hostname="Walkingtree-PC" name="com.tailorman.script.Login" tests="3" failures="0" timestamp="17 May 2018 14:28:20 GMT" time="39.206" errors="0">
  <testcase name="fieldVerificationInLoginpageSection" time="14.523" classname="com.tailorman.script.Login"/>
  <testcase name="checkAllLinkIsRedirectingToCorrectPageOrNotOrLinkIsClickableOrNot" time="22.403" classname="com.tailorman.script.Login"/>
  <testcase name="loginWithMultipleSetOfData" time="2.280" classname="com.tailorman.script.Login"/>
</testsuite> <!-- com.tailorman.script.Login -->
