<?xml version="1.0" encoding="UTF-8"?>
<!-- Generated by org.testng.reporters.JUnitReportReporter -->
<testsuite skipped="0" hostname="Walkingtree-PC" name="com.tailorman.script.Registration" tests="3" failures="0" timestamp="18 May 2018 14:58:34 GMT" time="100.916" errors="0">
  <testcase name="verifyRegistrationFieldExistance" time="30.611" classname="com.tailorman.script.Registration"/>
  <testcase name="checkUserIsAbleToEnterDataOrNotInInputSection" time="57.993" classname="com.tailorman.script.Registration"/>
  <testcase name="checkRegistrationFunctionalityWithMulitpleData" time="12.312" classname="com.tailorman.script.Registration"/>
</testsuite> <!-- com.tailorman.script.Registration -->
