<?xml version="1.0" encoding="UTF-8"?>
<!-- Generated by org.testng.reporters.JUnitReportReporter -->
<testsuite skipped="0" hostname="Walkingtree-PC" name="com.tailorman.script.SearchBox" tests="8" failures="0" timestamp="21 May 2018 10:25:08 GMT" time="24.418" errors="0">
  <testcase name="checkSearchBoxExistance" time="0.265" classname="com.tailorman.script.SearchBox"/>
  <testcase name="checkSearchBoxInputDisplayingOrNot" time="0.138" classname="com.tailorman.script.SearchBox"/>
  <testcase name="verifyplaceholder" time="0.047" classname="com.tailorman.script.SearchBox"/>
  <testcase name="CheckUserIsAbleToTypeOrNot" time="0.114" classname="com.tailorman.script.SearchBox"/>
  <testcase name="applicationResponseIfResultIsNotMatching" time="0.894" classname="com.tailorman.script.SearchBox"/>
  <testcase name="searchBySkuNumber" time="6.231" classname="com.tailorman.script.SearchBox"/>
  <testcase name="SearchByProductName" time="6.810" classname="com.tailorman.script.SearchBox"/>
  <testcase name="SearchByProductCategory" time="9.919" classname="com.tailorman.script.SearchBox"/>
</testsuite> <!-- com.tailorman.script.SearchBox -->
