<?xml version="1.0" encoding="UTF-8"?>
<!-- Generated by org.testng.reporters.JUnitReportReporter -->
<testsuite skipped="0" hostname="Walkingtree-PC" name="TailorManWebsiteScript.FollowUs" tests="7" failures="0" timestamp="14 May 2018 13:57:46 GMT" time="31.970" errors="0">
  <testcase name="checkFollowUsLinkExistance" time="13.679" classname="TailorManWebsiteScript.FollowUs"/>
  <testcase name="CheckFollowUsLinkIsClickableOrNot" time="0.284" classname="TailorManWebsiteScript.FollowUs"/>
  <testcase name="CheckFollowUsLinkIsRedirectingCorrectPageOrNot" time="0.137" classname="TailorManWebsiteScript.FollowUs"/>
  <testcase name="checkSocialMediaLinkIsPresentOrNot" time="0.118" classname="TailorManWebsiteScript.FollowUs"/>
  <testcase name="checkSocialMediaLinkIsRedirectingOrNot" time="17.488" classname="TailorManWebsiteScript.FollowUs"/>
  <testcase name="validateFollowUsheading" time="0.080" classname="TailorManWebsiteScript.FollowUs"/>
  <testcase name="checkCloseIconisClosingFormOrNot" time="0.184" classname="TailorManWebsiteScript.FollowUs"/>
</testsuite> <!-- TailorManWebsiteScript.FollowUs -->
