<?xml version="1.0" encoding="UTF-8"?>
<!-- Generated by org.testng.reporters.JUnitReportReporter -->
<testsuite skipped="4" hostname="DESKTOP-AISPVTO" name="com.tailorman.script.Login" tests="5" failures="0" timestamp="22 May 2018 16:41:09 GMT" time="39.605" errors="1">
  <testcase name="openBrowser" time="39.605" classname="com.tailorman.script.Login">
    <error type="java.lang.NullPointerException">
      <![CDATA[java.lang.NullPointerException
	at org.openqa.selenium.support.ui.ExpectedConditions.elementIfVisible(ExpectedConditions.java:301)
	at org.openqa.selenium.support.ui.ExpectedConditions.access$100(ExpectedConditions.java:43)
	at org.openqa.selenium.support.ui.ExpectedConditions$10.apply(ExpectedConditions.java:287)
	at org.openqa.selenium.support.ui.ExpectedConditions$10.apply(ExpectedConditions.java:284)
	at org.openqa.selenium.support.ui.FluentWait.until(FluentWait.java:208)
	at com.base.engine.DriverEngine.waitForElementVisibility(DriverEngine.java:98)
	at com.base.engine.DriverEngine.handleTailorManPopup(DriverEngine.java:103)
	at com.base.engine.DriverEngine.initialBrowserCommand(DriverEngine.java:78)
	at com.base.engine.DriverEngine.openBrowser(DriverEngine.java:44)
	at sun.reflect.NativeMethodAccessorImpl.invoke0(Native Method)
	at sun.reflect.NativeMethodAccessorImpl.invoke(Unknown Source)
	at sun.reflect.DelegatingMethodAccessorImpl.invoke(Unknown Source)
	at java.lang.reflect.Method.invoke(Unknown Source)
	at org.testng.internal.MethodInvocationHelper.invokeMethod(MethodInvocationHelper.java:108)
	at org.testng.internal.Invoker.invokeConfigurationMethod(Invoker.java:523)
	at org.testng.internal.Invoker.invokeConfigurations(Invoker.java:224)
	at org.testng.internal.Invoker.invokeConfigurations(Invoker.java:146)
	at org.testng.SuiteRunner.privateRun(SuiteRunner.java:326)
	at org.testng.SuiteRunner.run(SuiteRunner.java:289)
	at org.testng.SuiteRunnerWorker.runSuite(SuiteRunnerWorker.java:52)
	at org.testng.SuiteRunnerWorker.run(SuiteRunnerWorker.java:86)
	at org.testng.TestNG.runSuitesSequentially(TestNG.java:1301)
	at org.testng.TestNG.runSuitesLocally(TestNG.java:1226)
	at org.testng.TestNG.runSuites(TestNG.java:1144)
	at org.testng.TestNG.run(TestNG.java:1115)
	at org.testng.remote.AbstractRemoteTestNG.run(AbstractRemoteTestNG.java:114)
	at org.testng.remote.RemoteTestNG.initAndRun(RemoteTestNG.java:251)
	at org.testng.remote.RemoteTestNG.main(RemoteTestNG.java:77)
]]>
    </error>
  </testcase> <!-- openBrowser -->
  <testcase name="fieldVerificationInLoginpageSection" time="0.000" classname="com.tailorman.script.Login">
    <skipped/>
  </testcase> <!-- fieldVerificationInLoginpageSection -->
  <testcase name="checkAllLinkIsRedirectingToCorrectPageOrNotOrLinkIsClickableOrNot" time="0.000" classname="com.tailorman.script.Login">
    <skipped/>
  </testcase> <!-- checkAllLinkIsRedirectingToCorrectPageOrNotOrLinkIsClickableOrNot -->
  <testcase name="loginWithMultipleSetOfData" time="0.000" classname="com.tailorman.script.Login">
    <skipped/>
  </testcase> <!-- loginWithMultipleSetOfData -->
  <testcase name="resetButtonTesting" time="0.000" classname="com.tailorman.script.Login">
    <skipped/>
  </testcase> <!-- resetButtonTesting -->
</testsuite> <!-- com.tailorman.script.Login -->
