<?xml version="1.0" encoding="UTF-8"?>
<!-- Generated by org.testng.reporters.JUnitReportReporter -->
<testsuite skipped="0" hostname="DESKTOP-AISPVTO" name="com.tailorman.script.DesignYourOwn" tests="3" failures="0" timestamp="23 May 2018 19:23:19 GMT" time="65.479" errors="0">
  <testcase name="CheckDesignYourOwnSectionMouseOverIsWorkingOrNot" time="0.309" classname="com.tailorman.script.DesignYourOwn"/>
  <testcase name="verifyDesignYourOwnMainHeading" time="0.469" classname="com.tailorman.script.DesignYourOwn"/>
  <testcase name="checkReadyToDesignSectionAllSuiteLinkIsWorkingOrNot" time="64.701" classname="com.tailorman.script.DesignYourOwn"/>
</testsuite> <!-- com.tailorman.script.DesignYourOwn -->
