<?xml version="1.0" encoding="UTF-8"?>
<!-- Generated by org.testng.reporters.JUnitReportReporter -->
<testsuite skipped="0" hostname="DESKTOP-AISPVTO" name="com.tailorman.script.Cart" tests="3" failures="0" timestamp="21 May 2018 19:09:30 GMT" time="2.101" errors="0">
  <testcase name="checkCartLinkIsWorking" time="1.045" classname="com.tailorman.script.Cart"/>
  <testcase name="checkCartSectionElementExistance" time="0.359" classname="com.tailorman.script.Cart"/>
  <testcase name="checkCartSectionGivenLinkIsWorkingOrNot" time="0.697" classname="com.tailorman.script.Cart"/>
</testsuite> <!-- com.tailorman.script.Cart -->
