<?xml version="1.0" encoding="UTF-8"?>
<!-- Generated by org.testng.reporters.JUnitReportReporter -->
<testsuite skipped="0" hostname="DESKTOP-AISPVTO" name="com.tailorman.script.Registration" tests="3" failures="0" timestamp="21 May 2018 19:27:25 GMT" time="109.434" errors="0">
  <testcase name="verifyRegistrationFieldExistance" time="9.782" classname="com.tailorman.script.Registration"/>
  <testcase name="checkUserIsAbleToEnterDataOrNotInInputSection" time="4.161" classname="com.tailorman.script.Registration"/>
  <testcase name="checkRegistrationFunctionalityWithMulitpleData" time="95.491" classname="com.tailorman.script.Registration"/>
</testsuite> <!-- com.tailorman.script.Registration -->
