<?xml version="1.0" encoding="UTF-8"?>
<!-- Generated by org.testng.reporters.JUnitReportReporter -->
<testsuite skipped="0" hostname="Walkingtree-PC" name="TailorManWebsiteScript.visitOurStore" tests="3" failures="0" timestamp="08 May 2018 12:27:55 GMT" time="17.123" errors="0">
  <testcase name="VerifyvisitOurStoreLinkExistance" time="11.882" classname="TailorManWebsiteScript.visitOurStore"/>
  <testcase name="VisitOurStoreLinkRedirection" time="0.411" classname="TailorManWebsiteScript.visitOurStore"/>
  <testcase name="checkCorrectStoreIsOpeningOrNot" time="4.830" classname="TailorManWebsiteScript.visitOurStore"/>
</testsuite> <!-- TailorManWebsiteScript.visitOurStore -->
