<?xml version="1.0" encoding="UTF-8"?>
<!-- Generated by org.testng.reporters.JUnitReportReporter -->
<testsuite skipped="0" hostname="Walkingtree-PC" name="com.tailorman.script.MadeToMeasure" tests="3" failures="0" timestamp="22 May 2018 06:55:07 GMT" time="14.952" errors="0">
  <testcase name="checkMadeToMeasureLinkIsWorking" time="12.897" classname="com.tailorman.script.MadeToMeasure"/>
  <testcase name="MadeToMeasureSectionElementVerification" time="0.434" classname="com.tailorman.script.MadeToMeasure"/>
  <testcase name="CheckAllGivenLinkIsClickableOrNot" time="1.621" classname="com.tailorman.script.MadeToMeasure"/>
</testsuite> <!-- com.tailorman.script.MadeToMeasure -->
