<?xml version="1.0" encoding="UTF-8"?>
<!-- Generated by org.testng.reporters.JUnitReportReporter -->
<testsuite skipped="0" hostname="Walkingtree-PC" name="com.tailorman.script.Cart" tests="3" failures="0" timestamp="21 May 2018 10:14:00 GMT" time="1.504" errors="0">
  <testcase name="checkCartLinkIsWorking" time="0.673" classname="com.tailorman.script.Cart"/>
  <testcase name="checkCartSectionElementExistance" time="0.322" classname="com.tailorman.script.Cart"/>
  <testcase name="checkCartSectionGivenLinkIsWorkingOrNot" time="0.509" classname="com.tailorman.script.Cart"/>
</testsuite> <!-- com.tailorman.script.Cart -->
