<?xml version="1.0" encoding="UTF-8"?>
<!-- Generated by org.testng.reporters.JUnitReportReporter -->
<testsuite skipped="0" hostname="Walkingtree-PC" name="TailorManWebsiteScript.SearchBox" tests="8" failures="0" timestamp="11 May 2018 14:10:29 GMT" time="37.968" errors="0">
  <testcase name="checkSearchBoxExistance" time="13.580" classname="TailorManWebsiteScript.SearchBox"/>
  <testcase name="checkSearchBoxInputDisplayingOrNot" time="0.116" classname="TailorManWebsiteScript.SearchBox"/>
  <testcase name="verifyplaceholder" time="0.041" classname="TailorManWebsiteScript.SearchBox"/>
  <testcase name="CheckUserIsAbleToTypeOrNot" time="0.133" classname="TailorManWebsiteScript.SearchBox"/>
  <testcase name="applicationResponseIfResultIsNotMatching" time="0.837" classname="TailorManWebsiteScript.SearchBox"/>
  <testcase name="searchBySkuNumber" time="6.539" classname="TailorManWebsiteScript.SearchBox"/>
  <testcase name="SearchByProductName" time="7.023" classname="TailorManWebsiteScript.SearchBox"/>
  <testcase name="SearchByProductCategory" time="9.699" classname="TailorManWebsiteScript.SearchBox"/>
</testsuite> <!-- TailorManWebsiteScript.SearchBox -->
