<?xml version="1.0" encoding="UTF-8"?>
<!-- Generated by org.testng.reporters.JUnitReportReporter -->
<testsuite skipped="0" hostname="Walkingtree-PC" name="TailorManWebsiteScript.FollowUs" tests="6" failures="0" timestamp="09 May 2018 13:15:01 GMT" time="39.021" errors="0">
  <testcase name="checkFollowUsLinkExistance" time="14.319" classname="TailorManWebsiteScript.FollowUs"/>
  <testcase name="CheckFollowUsLinkIsClickableOrNot" time="0.203" classname="TailorManWebsiteScript.FollowUs"/>
  <testcase name="CheckFollowUsLinkIsRedirectingCorrectPageOrNot" time="0.185" classname="TailorManWebsiteScript.FollowUs"/>
  <testcase name="checkSocialMediaLinkIsPresentOrNot" time="0.139" classname="TailorManWebsiteScript.FollowUs"/>
  <testcase name="checkSocialMediaLinkIsRedirectingOrNot" time="24.115" classname="TailorManWebsiteScript.FollowUs"/>
  <testcase name="validateFollowUsheading" time="0.060" classname="TailorManWebsiteScript.FollowUs"/>
</testsuite> <!-- TailorManWebsiteScript.FollowUs -->
