<?xml version="1.0" encoding="UTF-8"?>
<!-- Generated by org.testng.reporters.JUnitReportReporter -->
<testsuite skipped="0" hostname="Walkingtree-PC" name="com.tailorman.script.Registration" tests="3" failures="0" timestamp="21 May 2018 06:21:20 GMT" time="107.628" errors="0">
  <testcase name="verifyRegistrationFieldExistance" time="12.498" classname="com.tailorman.script.Registration"/>
  <testcase name="checkUserIsAbleToEnterDataOrNotInInputSection" time="2.917" classname="com.tailorman.script.Registration"/>
  <testcase name="checkRegistrationFunctionalityWithMulitpleData" time="92.213" classname="com.tailorman.script.Registration"/>
</testsuite> <!-- com.tailorman.script.Registration -->
