<?xml version="1.0" encoding="UTF-8"?>
<!-- Generated by org.testng.reporters.JUnitReportReporter -->
<testsuite skipped="0" hostname="Walkingtree-PC" name="TailorManWebsiteScript.SearchBox" tests="8" failures="0" timestamp="14 May 2018 13:59:10 GMT" time="36.896" errors="0">
  <testcase name="checkSearchBoxExistance" time="12.445" classname="TailorManWebsiteScript.SearchBox"/>
  <testcase name="checkSearchBoxInputDisplayingOrNot" time="0.139" classname="TailorManWebsiteScript.SearchBox"/>
  <testcase name="verifyplaceholder" time="0.045" classname="TailorManWebsiteScript.SearchBox"/>
  <testcase name="CheckUserIsAbleToTypeOrNot" time="0.131" classname="TailorManWebsiteScript.SearchBox"/>
  <testcase name="applicationResponseIfResultIsNotMatching" time="0.853" classname="TailorManWebsiteScript.SearchBox"/>
  <testcase name="searchBySkuNumber" time="6.516" classname="TailorManWebsiteScript.SearchBox"/>
  <testcase name="SearchByProductName" time="6.979" classname="TailorManWebsiteScript.SearchBox"/>
  <testcase name="SearchByProductCategory" time="9.788" classname="TailorManWebsiteScript.SearchBox"/>
</testsuite> <!-- TailorManWebsiteScript.SearchBox -->
