<?xml version="1.0" encoding="UTF-8"?>
<!-- Generated by org.testng.reporters.JUnitReportReporter -->
<testsuite skipped="0" hostname="Walkingtree-PC" name="com.tailorman.script.DesignYourOwn" tests="3" failures="0" timestamp="23 May 2018 14:01:12 GMT" time="43.587" errors="0">
  <testcase name="CheckDesignYourOwnSectionMouseOverIsWorkingOrNot" time="0.310" classname="com.tailorman.script.DesignYourOwn"/>
  <testcase name="verifyDesignYourOwnMainHeading" time="0.239" classname="com.tailorman.script.DesignYourOwn"/>
  <testcase name="checkReadyToDesignSectionAllSuiteLinkIsWorkingOrNot" time="43.038" classname="com.tailorman.script.DesignYourOwn"/>
</testsuite> <!-- com.tailorman.script.DesignYourOwn -->
