<?xml version="1.0" encoding="UTF-8"?>
<!-- Generated by org.testng.reporters.JUnitReportReporter -->
<testsuite skipped="0" hostname="Walkingtree-PC" name="TailorManWebsiteScript.FollowUs" tests="7" failures="0" timestamp="10 May 2018 10:55:18 GMT" time="200.935" errors="0">
  <testcase name="checkFollowUsLinkExistance" time="15.417" classname="TailorManWebsiteScript.FollowUs"/>
  <testcase name="CheckFollowUsLinkIsClickableOrNot" time="0.218" classname="TailorManWebsiteScript.FollowUs"/>
  <testcase name="CheckFollowUsLinkIsRedirectingCorrectPageOrNot" time="0.126" classname="TailorManWebsiteScript.FollowUs"/>
  <testcase name="checkSocialMediaLinkIsPresentOrNot" time="0.118" classname="TailorManWebsiteScript.FollowUs"/>
  <testcase name="checkSocialMediaLinkIsRedirectingOrNot" time="184.942" classname="TailorManWebsiteScript.FollowUs"/>
  <testcase name="validateFollowUsheading" time="0.085" classname="TailorManWebsiteScript.FollowUs"/>
  <testcase name="checkCloseIconisClosingFormOrNot" time="0.029" classname="TailorManWebsiteScript.FollowUs"/>
</testsuite> <!-- TailorManWebsiteScript.FollowUs -->
