<?xml version="1.0" encoding="UTF-8"?>
<!-- Generated by org.testng.reporters.JUnitReportReporter -->
<testsuite skipped="0" hostname="Walkingtree-PC" name="com.tailorman.script.Login" tests="1" failures="0" timestamp="16 May 2018 14:48:55 GMT" time="14.066" errors="0">
  <testcase name="fieldVerificationInLoginpageSection" time="14.066" classname="com.tailorman.script.Login"/>
</testsuite> <!-- com.tailorman.script.Login -->
