<?xml version="1.0" encoding="UTF-8"?>
<!-- Generated by org.testng.reporters.JUnitReportReporter -->
<testsuite skipped="0" hostname="Walkingtree-PC" name="TailorManWebsitePages.SearchBox_Page" tests="1" failures="0" timestamp="10 May 2018 13:20:31 GMT" time="1.210" errors="1">
  <testcase name="checkSearchBoxExistance" time="1.210" classname="TailorManWebsitePages.SearchBox_Page">
    <error type="java.lang.StackOverflowError">
      <![CDATA[java.lang.StackOverflowError
	at java.lang.Class.getConstructor0(Class.java:3082)
	at java.lang.Class.getConstructor(Class.java:1825)
	at org.openqa.selenium.support.PageFactory.instantiatePage(PageFactory.java:128)
	at org.openqa.selenium.support.PageFactory.initElements(PageFactory.java:64)
	at TailorManWebsitePages.SearchBox_Page.checkSearchBoxExistance(SearchBox_Page.java:21)
	at TailorManWebsitePages.SearchBox_Page.checkSearchBoxExistance(SearchBox_Page.java:23)
	at TailorManWebsitePages.SearchBox_Page.checkSearchBoxExistance(SearchBox_Page.java:23)
	at TailorManWebsitePages.SearchBox_Page.checkSearchBoxExistance(SearchBox_Page.java:23)
	at TailorManWebsitePages.SearchBox_Page.checkSearchBoxExistance(SearchBox_Page.java:23)
	at TailorManWebsitePages.SearchBox_Page.checkSearchBoxExistance(SearchBox_Page.java:23)
	at TailorManWebsitePages.SearchBox_Page.checkSearchBoxExistance(SearchBox_Page.java:23)
	at TailorManWebsitePages.SearchBox_Page.checkSearchBoxExistance(SearchBox_Page.java:23)
	at TailorManWebsitePages.SearchBox_Page.checkSearchBoxExistance(SearchBox_Page.java:23)
	at TailorManWebsitePages.SearchBox_Page.checkSearchBoxExistance(SearchBox_Page.java:23)
	at TailorManWebsitePages.SearchBox_Page.checkSearchBoxExistance(SearchBox_Page.java:23)
	at TailorManWebsitePages.SearchBox_Page.checkSearchBoxExistance(SearchBox_Page.java:23)
	at TailorManWebsitePages.SearchBox_Page.checkSearchBoxExistance(SearchBox_Page.java:23)
	at TailorManWebsitePages.SearchBox_Page.checkSearchBoxExistance(SearchBox_Page.java:23)
	at TailorManWebsitePages.SearchBox_Page.checkSearchBoxExistance(SearchBox_Page.java:23)
	at TailorManWebsitePages.SearchBox_Page.checkSearchBoxExistance(SearchBox_Page.java:23)
	at TailorManWebsitePages.SearchBox_Page.checkSearchBoxExistance(SearchBox_Page.java:23)
	at TailorManWebsitePages.SearchBox_Page.checkSearchBoxExistance(SearchBox_Page.java:23)
	at TailorManWebsitePages.SearchBox_Page.checkSearchBoxExistance(SearchBox_Page.java:23)
	at TailorManWebsitePages.SearchBox_Page.checkSearchBoxExistance(SearchBox_Page.java:23)
	at TailorManWebsitePages.SearchBox_Page.checkSearchBoxExistance(SearchBox_Page.java:23)
	at TailorManWebsitePages.SearchBox_Page.checkSearchBoxExistance(SearchBox_Page.java:23)
	at TailorManWebsitePages.SearchBox_Page.checkSearchBoxExistance(SearchBox_Page.java:23)
	at TailorManWebsitePages.SearchBox_Page.checkSearchBoxExistance(SearchBox_Page.java:23)
	at TailorManWebsitePages.SearchBox_Page.checkSearchBoxExistance(SearchBox_Page.java:23)
	at TailorManWebsitePages.SearchBox_Page.checkSearchBoxExistance(SearchBox_Page.java:23)
	at TailorManWebsitePages.SearchBox_Page.checkSearchBoxExistance(SearchBox_Page.java:23)
	at TailorManWebsitePages.SearchBox_Page.checkSearchBoxExistance(SearchBox_Page.java:23)
	at TailorManWebsitePages.SearchBox_Page.checkSearchBoxExistance(SearchBox_Page.java:23)
	at TailorManWebsitePages.SearchBox_Page.checkSearchBoxExistance(SearchBox_Page.java:23)
	at TailorManWebsitePages.SearchBox_Page.checkSearchBoxExistance(SearchBox_Page.java:23)
	at TailorManWebsitePages.SearchBox_Page.checkSearchBoxExistance(SearchBox_Page.java:23)
	at TailorManWebsitePages.SearchBox_Page.checkSearchBoxExistance(SearchBox_Page.java:23)
	at TailorManWebsitePages.SearchBox_Page.checkSearchBoxExistance(SearchBox_Page.java:23)
	at TailorManWebsitePages.SearchBox_Page.checkSearchBoxExistance(SearchBox_Page.java:23)
	at TailorManWebsitePages.SearchBox_Page.checkSearchBoxExistance(SearchBox_Page.java:23)
	at TailorManWebsitePages.SearchBox_Page.checkSearchBoxExistance(SearchBox_Page.java:23)
	at TailorManWebsitePages.SearchBox_Page.checkSearchBoxExistance(SearchBox_Page.java:23)
	at TailorManWebsitePages.SearchBox_Page.checkSearchBoxExistance(SearchBox_Page.java:23)
	at TailorManWebsitePages.SearchBox_Page.checkSearchBoxExistance(SearchBox_Page.java:23)
	at TailorManWebsitePages.SearchBox_Page.checkSearchBoxExistance(SearchBox_Page.java:23)
	at TailorManWebsitePages.SearchBox_Page.checkSearchBoxExistance(SearchBox_Page.java:23)
	at TailorManWebsitePages.SearchBox_Page.checkSearchBoxExistance(SearchBox_Page.java:23)
	at TailorManWebsitePages.SearchBox_Page.checkSearchBoxExistance(SearchBox_Page.java:23)
	at TailorManWebsitePages.SearchBox_Page.checkSearchBoxExistance(SearchBox_Page.java:23)
	at TailorManWebsitePages.SearchBox_Page.checkSearchBoxExistance(SearchBox_Page.java:23)
	at TailorManWebsitePages.SearchBox_Page.checkSearchBoxExistance(SearchBox_Page.java:23)
	at TailorManWebsitePages.SearchBox_Page.checkSearchBoxExistance(SearchBox_Page.java:23)
	at TailorManWebsitePages.SearchBox_Page.checkSearchBoxExistance(SearchBox_Page.java:23)
	at TailorManWebsitePages.SearchBox_Page.checkSearchBoxExistance(SearchBox_Page.java:23)
	at TailorManWebsitePages.SearchBox_Page.checkSearchBoxExistance(SearchBox_Page.java:23)
	at TailorManWebsitePages.SearchBox_Page.checkSearchBoxExistance(SearchBox_Page.java:23)
	at TailorManWebsitePages.SearchBox_Page.checkSearchBoxExistance(SearchBox_Page.java:23)
	at TailorManWebsitePages.SearchBox_Page.checkSearchBoxExistance(SearchBox_Page.java:23)
	at TailorManWebsitePages.SearchBox_Page.checkSearchBoxExistance(SearchBox_Page.java:23)
	at TailorManWebsitePages.SearchBox_Page.checkSearchBoxExistance(SearchBox_Page.java:23)
	at TailorManWebsitePages.SearchBox_Page.checkSearchBoxExistance(SearchBox_Page.java:23)
	at TailorManWebsitePages.SearchBox_Page.checkSearchBoxExistance(SearchBox_Page.java:23)
	at TailorManWebsitePages.SearchBox_Page.checkSearchBoxExistance(SearchBox_Page.java:23)
	at TailorManWebsitePages.SearchBox_Page.checkSearchBoxExistance(SearchBox_Page.java:23)
	at TailorManWebsitePages.SearchBox_Page.checkSearchBoxExistance(SearchBox_Page.java:23)
	at TailorManWebsitePages.SearchBox_Page.checkSearchBoxExistance(SearchBox_Page.java:23)
	at TailorManWebsitePages.SearchBox_Page.checkSearchBoxExistance(SearchBox_Page.java:23)
	at TailorManWebsitePages.SearchBox_Page.checkSearchBoxExistance(SearchBox_Page.java:23)
	at TailorManWebsitePages.SearchBox_Page.checkSearchBoxExistance(SearchBox_Page.java:23)
	at TailorManWebsitePages.SearchBox_Page.checkSearchBoxExistance(SearchBox_Page.java:23)
	at TailorManWebsitePages.SearchBox_Page.checkSearchBoxExistance(SearchBox_Page.java:23)
	at TailorManWebsitePages.SearchBox_Page.checkSearchBoxExistance(SearchBox_Page.java:23)
	at TailorManWebsitePages.SearchBox_Page.checkSearchBoxExistance(SearchBox_Page.java:23)
	at TailorManWebsitePages.SearchBox_Page.checkSearchBoxExistance(SearchBox_Page.java:23)
	at TailorManWebsitePages.SearchBox_Page.checkSearchBoxExistance(SearchBox_Page.java:23)
	at TailorManWebsitePages.SearchBox_Page.checkSearchBoxExistance(SearchBox_Page.java:23)
	at TailorManWebsitePages.SearchBox_Page.checkSearchBoxExistance(SearchBox_Page.java:23)
	at TailorManWebsitePages.SearchBox_Page.checkSearchBoxExistance(SearchBox_Page.java:23)
	at TailorManWebsitePages.SearchBox_Page.checkSearchBoxExistance(SearchBox_Page.java:23)
	at TailorManWebsitePages.SearchBox_Page.checkSearchBoxExistance(SearchBox_Page.java:23)
	at TailorManWebsitePages.SearchBox_Page.checkSearchBoxExistance(SearchBox_Page.java:23)
	at TailorManWebsitePages.SearchBox_Page.checkSearchBoxExistance(SearchBox_Page.java:23)
	at TailorManWebsitePages.SearchBox_Page.checkSearchBoxExistance(SearchBox_Page.java:23)
	at TailorManWebsitePages.SearchBox_Page.checkSearchBoxExistance(SearchBox_Page.java:23)
	at TailorManWebsitePages.SearchBox_Page.checkSearchBoxExistance(SearchBox_Page.java:23)
	at TailorManWebsitePages.SearchBox_Page.checkSearchBoxExistance(SearchBox_Page.java:23)
	at TailorManWebsitePages.SearchBox_Page.checkSearchBoxExistance(SearchBox_Page.java:23)
	at TailorManWebsitePages.SearchBox_Page.checkSearchBoxExistance(SearchBox_Page.java:23)
	at TailorManWebsitePages.SearchBox_Page.checkSearchBoxExistance(SearchBox_Page.java:23)
	at TailorManWebsitePages.SearchBox_Page.checkSearchBoxExistance(SearchBox_Page.java:23)
	at TailorManWebsitePages.SearchBox_Page.checkSearchBoxExistance(SearchBox_Page.java:23)
	at TailorManWebsitePages.SearchBox_Page.checkSearchBoxExistance(SearchBox_Page.java:23)
	at TailorManWebsitePages.SearchBox_Page.checkSearchBoxExistance(SearchBox_Page.java:23)
	at TailorManWebsitePages.SearchBox_Page.checkSearchBoxExistance(SearchBox_Page.java:23)
	at TailorManWebsitePages.SearchBox_Page.checkSearchBoxExistance(SearchBox_Page.java:23)
	at TailorManWebsitePages.SearchBox_Page.checkSearchBoxExistance(SearchBox_Page.java:23)
	at TailorManWebsitePages.SearchBox_Page.checkSearchBoxExistance(SearchBox_Page.java:23)
	at TailorManWebsitePages.SearchBox_Page.checkSearchBoxExistance(SearchBox_Page.java:23)
	at TailorManWebsitePages.SearchBox_Page.checkSearchBoxExistance(SearchBox_Page.java:23)
	at TailorManWebsitePages.SearchBox_Page.checkSearchBoxExistance(SearchBox_Page.java:23)
	at TailorManWebsitePages.SearchBox_Page.checkSearchBoxExistance(SearchBox_Page.java:23)
	at TailorManWebsitePages.SearchBox_Page.checkSearchBoxExistance(SearchBox_Page.java:23)
	at TailorManWebsitePages.SearchBox_Page.checkSearchBoxExistance(SearchBox_Page.java:23)
	at TailorManWebsitePages.SearchBox_Page.checkSearchBoxExistance(SearchBox_Page.java:23)
	at TailorManWebsitePages.SearchBox_Page.checkSearchBoxExistance(SearchBox_Page.java:23)
	at TailorManWebsitePages.SearchBox_Page.checkSearchBoxExistance(SearchBox_Page.java:23)
	at TailorManWebsitePages.SearchBox_Page.checkSearchBoxExistance(SearchBox_Page.java:23)
	at TailorManWebsitePages.SearchBox_Page.checkSearchBoxExistance(SearchBox_Page.java:23)
	at TailorManWebsitePages.SearchBox_Page.checkSearchBoxExistance(SearchBox_Page.java:23)
	at TailorManWebsitePages.SearchBox_Page.checkSearchBoxExistance(SearchBox_Page.java:23)
	at TailorManWebsitePages.SearchBox_Page.checkSearchBoxExistance(SearchBox_Page.java:23)
	at TailorManWebsitePages.SearchBox_Page.checkSearchBoxExistance(SearchBox_Page.java:23)
	at TailorManWebsitePages.SearchBox_Page.checkSearchBoxExistance(SearchBox_Page.java:23)
	at TailorManWebsitePages.SearchBox_Page.checkSearchBoxExistance(SearchBox_Page.java:23)
	at TailorManWebsitePages.SearchBox_Page.checkSearchBoxExistance(SearchBox_Page.java:23)
	at TailorManWebsitePages.SearchBox_Page.checkSearchBoxExistance(SearchBox_Page.java:23)
	at TailorManWebsitePages.SearchBox_Page.checkSearchBoxExistance(SearchBox_Page.java:23)
	at TailorManWebsitePages.SearchBox_Page.checkSearchBoxExistance(SearchBox_Page.java:23)
	at TailorManWebsitePages.SearchBox_Page.checkSearchBoxExistance(SearchBox_Page.java:23)
	at TailorManWebsitePages.SearchBox_Page.checkSearchBoxExistance(SearchBox_Page.java:23)
	at TailorManWebsitePages.SearchBox_Page.checkSearchBoxExistance(SearchBox_Page.java:23)
	at TailorManWebsitePages.SearchBox_Page.checkSearchBoxExistance(SearchBox_Page.java:23)
	at TailorManWebsitePages.SearchBox_Page.checkSearchBoxExistance(SearchBox_Page.java:23)
	at TailorManWebsitePages.SearchBox_Page.checkSearchBoxExistance(SearchBox_Page.java:23)
	at TailorManWebsitePages.SearchBox_Page.checkSearchBoxExistance(SearchBox_Page.java:23)
	at TailorManWebsitePages.SearchBox_Page.checkSearchBoxExistance(SearchBox_Page.java:23)
	at TailorManWebsitePages.SearchBox_Page.checkSearchBoxExistance(SearchBox_Page.java:23)
	at TailorManWebsitePages.SearchBox_Page.checkSearchBoxExistance(SearchBox_Page.java:23)
	at TailorManWebsitePages.SearchBox_Page.checkSearchBoxExistance(SearchBox_Page.java:23)
	at TailorManWebsitePages.SearchBox_Page.checkSearchBoxExistance(SearchBox_Page.java:23)
	at TailorManWebsitePages.SearchBox_Page.checkSearchBoxExistance(SearchBox_Page.java:23)
	at TailorManWebsitePages.SearchBox_Page.checkSearchBoxExistance(SearchBox_Page.java:23)
	at TailorManWebsitePages.SearchBox_Page.checkSearchBoxExistance(SearchBox_Page.java:23)
	at TailorManWebsitePages.SearchBox_Page.checkSearchBoxExistance(SearchBox_Page.java:23)
	at TailorManWebsitePages.SearchBox_Page.checkSearchBoxExistance(SearchBox_Page.java:23)
	at TailorManWebsitePages.SearchBox_Page.checkSearchBoxExistance(SearchBox_Page.java:23)
	at TailorManWebsitePages.SearchBox_Page.checkSearchBoxExistance(SearchBox_Page.java:23)
	at TailorManWebsitePages.SearchBox_Page.checkSearchBoxExistance(SearchBox_Page.java:23)
	at TailorManWebsitePages.SearchBox_Page.checkSearchBoxExistance(SearchBox_Page.java:23)
	at TailorManWebsitePages.SearchBox_Page.checkSearchBoxExistance(SearchBox_Page.java:23)
	at TailorManWebsitePages.SearchBox_Page.checkSearchBoxExistance(SearchBox_Page.java:23)
	at TailorManWebsitePages.SearchBox_Page.checkSearchBoxExistance(SearchBox_Page.java:23)
	at TailorManWebsitePages.SearchBox_Page.checkSearchBoxExistance(SearchBox_Page.java:23)
	at TailorManWebsitePages.SearchBox_Page.checkSearchBoxExistance(SearchBox_Page.java:23)
	at TailorManWebsitePages.SearchBox_Page.checkSearchBoxExistance(SearchBox_Page.java:23)
	at TailorManWebsitePages.SearchBox_Page.checkSearchBoxExistance(SearchBox_Page.java:23)
	at TailorManWebsitePages.SearchBox_Page.checkSearchBoxExistance(SearchBox_Page.java:23)
	at TailorManWebsitePages.SearchBox_Page.checkSearchBoxExistance(SearchBox_Page.java:23)
	at TailorManWebsitePages.SearchBox_Page.checkSearchBoxExistance(SearchBox_Page.java:23)
	at TailorManWebsitePages.SearchBox_Page.checkSearchBoxExistance(SearchBox_Page.java:23)
	at TailorManWebsitePages.SearchBox_Page.checkSearchBoxExistance(SearchBox_Page.java:23)
	at TailorManWebsitePages.SearchBox_Page.checkSearchBoxExistance(SearchBox_Page.java:23)
	at TailorManWebsitePages.SearchBox_Page.checkSearchBoxExistance(SearchBox_Page.java:23)
	at TailorManWebsitePages.SearchBox_Page.checkSearchBoxExistance(SearchBox_Page.java:23)
	at TailorManWebsitePages.SearchBox_Page.checkSearchBoxExistance(SearchBox_Page.java:23)
	at TailorManWebsitePages.SearchBox_Page.checkSearchBoxExistance(SearchBox_Page.java:23)
	at TailorManWebsitePages.SearchBox_Page.checkSearchBoxExistance(SearchBox_Page.java:23)
	at TailorManWebsitePages.SearchBox_Page.checkSearchBoxExistance(SearchBox_Page.java:23)
	at TailorManWebsitePages.SearchBox_Page.checkSearchBoxExistance(SearchBox_Page.java:23)
	at TailorManWebsitePages.SearchBox_Page.checkSearchBoxExistance(SearchBox_Page.java:23)
	at TailorManWebsitePages.SearchBox_Page.checkSearchBoxExistance(SearchBox_Page.java:23)
	at TailorManWebsitePages.SearchBox_Page.checkSearchBoxExistance(SearchBox_Page.java:23)
	at TailorManWebsitePages.SearchBox_Page.checkSearchBoxExistance(SearchBox_Page.java:23)
	at TailorManWebsitePages.SearchBox_Page.checkSearchBoxExistance(SearchBox_Page.java:23)
	at TailorManWebsitePages.SearchBox_Page.checkSearchBoxExistance(SearchBox_Page.java:23)
	at TailorManWebsitePages.SearchBox_Page.checkSearchBoxExistance(SearchBox_Page.java:23)
	at TailorManWebsitePages.SearchBox_Page.checkSearchBoxExistance(SearchBox_Page.java:23)
	at TailorManWebsitePages.SearchBox_Page.checkSearchBoxExistance(SearchBox_Page.java:23)
	at TailorManWebsitePages.SearchBox_Page.checkSearchBoxExistance(SearchBox_Page.java:23)
	at TailorManWebsitePages.SearchBox_Page.checkSearchBoxExistance(SearchBox_Page.java:23)
	at TailorManWebsitePages.SearchBox_Page.checkSearchBoxExistance(SearchBox_Page.java:23)
	at TailorManWebsitePages.SearchBox_Page.checkSearchBoxExistance(SearchBox_Page.java:23)
	at TailorManWebsitePages.SearchBox_Page.checkSearchBoxExistance(SearchBox_Page.java:23)
	at TailorManWebsitePages.SearchBox_Page.checkSearchBoxExistance(SearchBox_Page.java:23)
	at TailorManWebsitePages.SearchBox_Page.checkSearchBoxExistance(SearchBox_Page.java:23)
	at TailorManWebsitePages.SearchBox_Page.checkSearchBoxExistance(SearchBox_Page.java:23)
	at TailorManWebsitePages.SearchBox_Page.checkSearchBoxExistance(SearchBox_Page.java:23)
	at TailorManWebsitePages.SearchBox_Page.checkSearchBoxExistance(SearchBox_Page.java:23)
	at TailorManWebsitePages.SearchBox_Page.checkSearchBoxExistance(SearchBox_Page.java:23)
	at TailorManWebsitePages.SearchBox_Page.checkSearchBoxExistance(SearchBox_Page.java:23)
	at TailorManWebsitePages.SearchBox_Page.checkSearchBoxExistance(SearchBox_Page.java:23)
	at TailorManWebsitePages.SearchBox_Page.checkSearchBoxExistance(SearchBox_Page.java:23)
	at TailorManWebsitePages.SearchBox_Page.checkSearchBoxExistance(SearchBox_Page.java:23)
	at TailorManWebsitePages.SearchBox_Page.checkSearchBoxExistance(SearchBox_Page.java:23)
	at TailorManWebsitePages.SearchBox_Page.checkSearchBoxExistance(SearchBox_Page.java:23)
	at TailorManWebsitePages.SearchBox_Page.checkSearchBoxExistance(SearchBox_Page.java:23)
	at TailorManWebsitePages.SearchBox_Page.checkSearchBoxExistance(SearchBox_Page.java:23)
	at TailorManWebsitePages.SearchBox_Page.checkSearchBoxExistance(SearchBox_Page.java:23)
	at TailorManWebsitePages.SearchBox_Page.checkSearchBoxExistance(SearchBox_Page.java:23)
	at TailorManWebsitePages.SearchBox_Page.checkSearchBoxExistance(SearchBox_Page.java:23)
	at TailorManWebsitePages.SearchBox_Page.checkSearchBoxExistance(SearchBox_Page.java:23)
	at TailorManWebsitePages.SearchBox_Page.checkSearchBoxExistance(SearchBox_Page.java:23)
	at TailorManWebsitePages.SearchBox_Page.checkSearchBoxExistance(SearchBox_Page.java:23)
	at TailorManWebsitePages.SearchBox_Page.checkSearchBoxExistance(SearchBox_Page.java:23)
	at TailorManWebsitePages.SearchBox_Page.checkSearchBoxExistance(SearchBox_Page.java:23)
	at TailorManWebsitePages.SearchBox_Page.checkSearchBoxExistance(SearchBox_Page.java:23)
	at TailorManWebsitePages.SearchBox_Page.checkSearchBoxExistance(SearchBox_Page.java:23)
	at TailorManWebsitePages.SearchBox_Page.checkSearchBoxExistance(SearchBox_Page.java:23)
	at TailorManWebsitePages.SearchBox_Page.checkSearchBoxExistance(SearchBox_Page.java:23)
	at TailorManWebsitePages.SearchBox_Page.checkSearchBoxExistance(SearchBox_Page.java:23)
	at TailorManWebsitePages.SearchBox_Page.checkSearchBoxExistance(SearchBox_Page.java:23)
	at TailorManWebsitePages.SearchBox_Page.checkSearchBoxExistance(SearchBox_Page.java:23)
	at TailorManWebsitePages.SearchBox_Page.checkSearchBoxExistance(SearchBox_Page.java:23)
	at TailorManWebsitePages.SearchBox_Page.checkSearchBoxExistance(SearchBox_Page.java:23)
	at TailorManWebsitePages.SearchBox_Page.checkSearchBoxExistance(SearchBox_Page.java:23)
	at TailorManWebsitePages.SearchBox_Page.checkSearchBoxExistance(SearchBox_Page.java:23)
	at TailorManWebsitePages.SearchBox_Page.checkSearchBoxExistance(SearchBox_Page.java:23)
	at TailorManWebsitePages.SearchBox_Page.checkSearchBoxExistance(SearchBox_Page.java:23)
	at TailorManWebsitePages.SearchBox_Page.checkSearchBoxExistance(SearchBox_Page.java:23)
	at TailorManWebsitePages.SearchBox_Page.checkSearchBoxExistance(SearchBox_Page.java:23)
	at TailorManWebsitePages.SearchBox_Page.checkSearchBoxExistance(SearchBox_Page.java:23)
	at TailorManWebsitePages.SearchBox_Page.checkSearchBoxExistance(SearchBox_Page.java:23)
	at TailorManWebsitePages.SearchBox_Page.checkSearchBoxExistance(SearchBox_Page.java:23)
	at TailorManWebsitePages.SearchBox_Page.checkSearchBoxExistance(SearchBox_Page.java:23)
	at TailorManWebsitePages.SearchBox_Page.checkSearchBoxExistance(SearchBox_Page.java:23)
	at TailorManWebsitePages.SearchBox_Page.checkSearchBoxExistance(SearchBox_Page.java:23)
	at TailorManWebsitePages.SearchBox_Page.checkSearchBoxExistance(SearchBox_Page.java:23)
	at TailorManWebsitePages.SearchBox_Page.checkSearchBoxExistance(SearchBox_Page.java:23)
	at TailorManWebsitePages.SearchBox_Page.checkSearchBoxExistance(SearchBox_Page.java:23)
	at TailorManWebsitePages.SearchBox_Page.checkSearchBoxExistance(SearchBox_Page.java:23)
	at TailorManWebsitePages.SearchBox_Page.checkSearchBoxExistance(SearchBox_Page.java:23)
	at TailorManWebsitePages.SearchBox_Page.checkSearchBoxExistance(SearchBox_Page.java:23)
	at TailorManWebsitePages.SearchBox_Page.checkSearchBoxExistance(SearchBox_Page.java:23)
	at TailorManWebsitePages.SearchBox_Page.checkSearchBoxExistance(SearchBox_Page.java:23)
	at TailorManWebsitePages.SearchBox_Page.checkSearchBoxExistance(SearchBox_Page.java:23)
	at TailorManWebsitePages.SearchBox_Page.checkSearchBoxExistance(SearchBox_Page.java:23)
	at TailorManWebsitePages.SearchBox_Page.checkSearchBoxExistance(SearchBox_Page.java:23)
	at TailorManWebsitePages.SearchBox_Page.checkSearchBoxExistance(SearchBox_Page.java:23)
	at TailorManWebsitePages.SearchBox_Page.checkSearchBoxExistance(SearchBox_Page.java:23)
	at TailorManWebsitePages.SearchBox_Page.checkSearchBoxExistance(SearchBox_Page.java:23)
	at TailorManWebsitePages.SearchBox_Page.checkSearchBoxExistance(SearchBox_Page.java:23)
	at TailorManWebsitePages.SearchBox_Page.checkSearchBoxExistance(SearchBox_Page.java:23)
	at TailorManWebsitePages.SearchBox_Page.checkSearchBoxExistance(SearchBox_Page.java:23)
	at TailorManWebsitePages.SearchBox_Page.checkSearchBoxExistance(SearchBox_Page.java:23)
	at TailorManWebsitePages.SearchBox_Page.checkSearchBoxExistance(SearchBox_Page.java:23)
	at TailorManWebsitePages.SearchBox_Page.checkSearchBoxExistance(SearchBox_Page.java:23)
	at TailorManWebsitePages.SearchBox_Page.checkSearchBoxExistance(SearchBox_Page.java:23)
	at TailorManWebsitePages.SearchBox_Page.checkSearchBoxExistance(SearchBox_Page.java:23)
	at TailorManWebsitePages.SearchBox_Page.checkSearchBoxExistance(SearchBox_Page.java:23)
	at TailorManWebsitePages.SearchBox_Page.checkSearchBoxExistance(SearchBox_Page.java:23)
	at TailorManWebsitePages.SearchBox_Page.checkSearchBoxExistance(SearchBox_Page.java:23)
	at TailorManWebsitePages.SearchBox_Page.checkSearchBoxExistance(SearchBox_Page.java:23)
	at TailorManWebsitePages.SearchBox_Page.checkSearchBoxExistance(SearchBox_Page.java:23)
	at TailorManWebsitePages.SearchBox_Page.checkSearchBoxExistance(SearchBox_Page.java:23)
	at TailorManWebsitePages.SearchBox_Page.checkSearchBoxExistance(SearchBox_Page.java:23)
	at TailorManWebsitePages.SearchBox_Page.checkSearchBoxExistance(SearchBox_Page.java:23)
	at TailorManWebsitePages.SearchBox_Page.checkSearchBoxExistance(SearchBox_Page.java:23)
	at TailorManWebsitePages.SearchBox_Page.checkSearchBoxExistance(SearchBox_Page.java:23)
	at TailorManWebsitePages.SearchBox_Page.checkSearchBoxExistance(SearchBox_Page.java:23)
	at TailorManWebsitePages.SearchBox_Page.checkSearchBoxExistance(SearchBox_Page.java:23)
	at TailorManWebsitePages.SearchBox_Page.checkSearchBoxExistance(SearchBox_Page.java:23)
	at TailorManWebsitePages.SearchBox_Page.checkSearchBoxExistance(SearchBox_Page.java:23)
	at TailorManWebsitePages.SearchBox_Page.checkSearchBoxExistance(SearchBox_Page.java:23)
	at TailorManWebsitePages.SearchBox_Page.checkSearchBoxExistance(SearchBox_Page.java:23)
	at TailorManWebsitePages.SearchBox_Page.checkSearchBoxExistance(SearchBox_Page.java:23)
	at TailorManWebsitePages.SearchBox_Page.checkSearchBoxExistance(SearchBox_Page.java:23)
	at TailorManWebsitePages.SearchBox_Page.checkSearchBoxExistance(SearchBox_Page.java:23)
	at TailorManWebsitePages.SearchBox_Page.checkSearchBoxExistance(SearchBox_Page.java:23)
	at TailorManWebsitePages.SearchBox_Page.checkSearchBoxExistance(SearchBox_Page.java:23)
	at TailorManWebsitePages.SearchBox_Page.checkSearchBoxExistance(SearchBox_Page.java:23)
	at TailorManWebsitePages.SearchBox_Page.checkSearchBoxExistance(SearchBox_Page.java:23)
	at TailorManWebsitePages.SearchBox_Page.checkSearchBoxExistance(SearchBox_Page.java:23)
	at TailorManWebsitePages.SearchBox_Page.checkSearchBoxExistance(SearchBox_Page.java:23)
	at TailorManWebsitePages.SearchBox_Page.checkSearchBoxExistance(SearchBox_Page.java:23)
	at TailorManWebsitePages.SearchBox_Page.checkSearchBoxExistance(SearchBox_Page.java:23)
	at TailorManWebsitePages.SearchBox_Page.checkSearchBoxExistance(SearchBox_Page.java:23)
	at TailorManWebsitePages.SearchBox_Page.checkSearchBoxExistance(SearchBox_Page.java:23)
	at TailorManWebsitePages.SearchBox_Page.checkSearchBoxExistance(SearchBox_Page.java:23)
	at TailorManWebsitePages.SearchBox_Page.checkSearchBoxExistance(SearchBox_Page.java:23)
	at TailorManWebsitePages.SearchBox_Page.checkSearchBoxExistance(SearchBox_Page.java:23)
	at TailorManWebsitePages.SearchBox_Page.checkSearchBoxExistance(SearchBox_Page.java:23)
	at TailorManWebsitePages.SearchBox_Page.checkSearchBoxExistance(SearchBox_Page.java:23)
	at TailorManWebsitePages.SearchBox_Page.checkSearchBoxExistance(SearchBox_Page.java:23)
	at TailorManWebsitePages.SearchBox_Page.checkSearchBoxExistance(SearchBox_Page.java:23)
	at TailorManWebsitePages.SearchBox_Page.checkSearchBoxExistance(SearchBox_Page.java:23)
	at TailorManWebsitePages.SearchBox_Page.checkSearchBoxExistance(SearchBox_Page.java:23)
	at TailorManWebsitePages.SearchBox_Page.checkSearchBoxExistance(SearchBox_Page.java:23)
	at TailorManWebsitePages.SearchBox_Page.checkSearchBoxExistance(SearchBox_Page.java:23)
	at TailorManWebsitePages.SearchBox_Page.checkSearchBoxExistance(SearchBox_Page.java:23)
	at TailorManWebsitePages.SearchBox_Page.checkSearchBoxExistance(SearchBox_Page.java:23)
	at TailorManWebsitePages.SearchBox_Page.checkSearchBoxExistance(SearchBox_Page.java:23)
	at TailorManWebsitePages.SearchBox_Page.checkSearchBoxExistance(SearchBox_Page.java:23)
	at TailorManWebsitePages.SearchBox_Page.checkSearchBoxExistance(SearchBox_Page.java:23)
	at TailorManWebsitePages.SearchBox_Page.checkSearchBoxExistance(SearchBox_Page.java:23)
	at TailorManWebsitePages.SearchBox_Page.checkSearchBoxExistance(SearchBox_Page.java:23)
	at TailorManWebsitePages.SearchBox_Page.checkSearchBoxExistance(SearchBox_Page.java:23)
	at TailorManWebsitePages.SearchBox_Page.checkSearchBoxExistance(SearchBox_Page.java:23)
	at TailorManWebsitePages.SearchBox_Page.checkSearchBoxExistance(SearchBox_Page.java:23)
	at TailorManWebsitePages.SearchBox_Page.checkSearchBoxExistance(SearchBox_Page.java:23)
	at TailorManWebsitePages.SearchBox_Page.checkSearchBoxExistance(SearchBox_Page.java:23)
	at TailorManWebsitePages.SearchBox_Page.checkSearchBoxExistance(SearchBox_Page.java:23)
	at TailorManWebsitePages.SearchBox_Page.checkSearchBoxExistance(SearchBox_Page.java:23)
	at TailorManWebsitePages.SearchBox_Page.checkSearchBoxExistance(SearchBox_Page.java:23)
	at TailorManWebsitePages.SearchBox_Page.checkSearchBoxExistance(SearchBox_Page.java:23)
	at TailorManWebsitePages.SearchBox_Page.checkSearchBoxExistance(SearchBox_Page.java:23)
	at TailorManWebsitePages.SearchBox_Page.checkSearchBoxExistance(SearchBox_Page.java:23)
	at TailorManWebsitePages.SearchBox_Page.checkSearchBoxExistance(SearchBox_Page.java:23)
	at TailorManWebsitePages.SearchBox_Page.checkSearchBoxExistance(SearchBox_Page.java:23)
	at TailorManWebsitePages.SearchBox_Page.checkSearchBoxExistance(SearchBox_Page.java:23)
	at TailorManWebsitePages.SearchBox_Page.checkSearchBoxExistance(SearchBox_Page.java:23)
	at TailorManWebsitePages.SearchBox_Page.checkSearchBoxExistance(SearchBox_Page.java:23)
	at TailorManWebsitePages.SearchBox_Page.checkSearchBoxExistance(SearchBox_Page.java:23)
	at TailorManWebsitePages.SearchBox_Page.checkSearchBoxExistance(SearchBox_Page.java:23)
	at TailorManWebsitePages.SearchBox_Page.checkSearchBoxExistance(SearchBox_Page.java:23)
	at TailorManWebsitePages.SearchBox_Page.checkSearchBoxExistance(SearchBox_Page.java:23)
	at TailorManWebsitePages.SearchBox_Page.checkSearchBoxExistance(SearchBox_Page.java:23)
	at TailorManWebsitePages.SearchBox_Page.checkSearchBoxExistance(SearchBox_Page.java:23)
	at TailorManWebsitePages.SearchBox_Page.checkSearchBoxExistance(SearchBox_Page.java:23)
	at TailorManWebsitePages.SearchBox_Page.checkSearchBoxExistance(SearchBox_Page.java:23)
	at TailorManWebsitePages.SearchBox_Page.checkSearchBoxExistance(SearchBox_Page.java:23)
	at TailorManWebsitePages.SearchBox_Page.checkSearchBoxExistance(SearchBox_Page.java:23)
	at TailorManWebsitePages.SearchBox_Page.checkSearchBoxExistance(SearchBox_Page.java:23)
	at TailorManWebsitePages.SearchBox_Page.checkSearchBoxExistance(SearchBox_Page.java:23)
	at TailorManWebsitePages.SearchBox_Page.checkSearchBoxExistance(SearchBox_Page.java:23)
	at TailorManWebsitePages.SearchBox_Page.checkSearchBoxExistance(SearchBox_Page.java:23)
	at TailorManWebsitePages.SearchBox_Page.checkSearchBoxExistance(SearchBox_Page.java:23)
	at TailorManWebsitePages.SearchBox_Page.checkSearchBoxExistance(SearchBox_Page.java:23)
	at TailorManWebsitePages.SearchBox_Page.checkSearchBoxExistance(SearchBox_Page.java:23)
	at TailorManWebsitePages.SearchBox_Page.checkSearchBoxExistance(SearchBox_Page.java:23)
	at TailorManWebsitePages.SearchBox_Page.checkSearchBoxExistance(SearchBox_Page.java:23)
	at TailorManWebsitePages.SearchBox_Page.checkSearchBoxExistance(SearchBox_Page.java:23)
	at TailorManWebsitePages.SearchBox_Page.checkSearchBoxExistance(SearchBox_Page.java:23)
	at TailorManWebsitePages.SearchBox_Page.checkSearchBoxExistance(SearchBox_Page.java:23)
	at TailorManWebsitePages.SearchBox_Page.checkSearchBoxExistance(SearchBox_Page.java:23)
	at TailorManWebsitePages.SearchBox_Page.checkSearchBoxExistance(SearchBox_Page.java:23)
	at TailorManWebsitePages.SearchBox_Page.checkSearchBoxExistance(SearchBox_Page.java:23)
	at TailorManWebsitePages.SearchBox_Page.checkSearchBoxExistance(SearchBox_Page.java:23)
	at TailorManWebsitePages.SearchBox_Page.checkSearchBoxExistance(SearchBox_Page.java:23)
	at TailorManWebsitePages.SearchBox_Page.checkSearchBoxExistance(SearchBox_Page.java:23)
	at TailorManWebsitePages.SearchBox_Page.checkSearchBoxExistance(SearchBox_Page.java:23)
	at TailorManWebsitePages.SearchBox_Page.checkSearchBoxExistance(SearchBox_Page.java:23)
	at TailorManWebsitePages.SearchBox_Page.checkSearchBoxExistance(SearchBox_Page.java:23)
	at TailorManWebsitePages.SearchBox_Page.checkSearchBoxExistance(SearchBox_Page.java:23)
	at TailorManWebsitePages.SearchBox_Page.checkSearchBoxExistance(SearchBox_Page.java:23)
	at TailorManWebsitePages.SearchBox_Page.checkSearchBoxExistance(SearchBox_Page.java:23)
	at TailorManWebsitePages.SearchBox_Page.checkSearchBoxExistance(SearchBox_Page.java:23)
	at TailorManWebsitePages.SearchBox_Page.checkSearchBoxExistance(SearchBox_Page.java:23)
	at TailorManWebsitePages.SearchBox_Page.checkSearchBoxExistance(SearchBox_Page.java:23)
	at TailorManWebsitePages.SearchBox_Page.checkSearchBoxExistance(SearchBox_Page.java:23)
	at TailorManWebsitePages.SearchBox_Page.checkSearchBoxExistance(SearchBox_Page.java:23)
	at TailorManWebsitePages.SearchBox_Page.checkSearchBoxExistance(SearchBox_Page.java:23)
	at TailorManWebsitePages.SearchBox_Page.checkSearchBoxExistance(SearchBox_Page.java:23)
	at TailorManWebsitePages.SearchBox_Page.checkSearchBoxExistance(SearchBox_Page.java:23)
	at TailorManWebsitePages.SearchBox_Page.checkSearchBoxExistance(SearchBox_Page.java:23)
	at TailorManWebsitePages.SearchBox_Page.checkSearchBoxExistance(SearchBox_Page.java:23)
	at TailorManWebsitePages.SearchBox_Page.checkSearchBoxExistance(SearchBox_Page.java:23)
	at TailorManWebsitePages.SearchBox_Page.checkSearchBoxExistance(SearchBox_Page.java:23)
	at TailorManWebsitePages.SearchBox_Page.checkSearchBoxExistance(SearchBox_Page.java:23)
	at TailorManWebsitePages.SearchBox_Page.checkSearchBoxExistance(SearchBox_Page.java:23)
	at TailorManWebsitePages.SearchBox_Page.checkSearchBoxExistance(SearchBox_Page.java:23)
	at TailorManWebsitePages.SearchBox_Page.checkSearchBoxExistance(SearchBox_Page.java:23)
	at TailorManWebsitePages.SearchBox_Page.checkSearchBoxExistance(SearchBox_Page.java:23)
	at TailorManWebsitePages.SearchBox_Page.checkSearchBoxExistance(SearchBox_Page.java:23)
	at TailorManWebsitePages.SearchBox_Page.checkSearchBoxExistance(SearchBox_Page.java:23)
	at TailorManWebsitePages.SearchBox_Page.checkSearchBoxExistance(SearchBox_Page.java:23)
	at TailorManWebsitePages.SearchBox_Page.checkSearchBoxExistance(SearchBox_Page.java:23)
	at TailorManWebsitePages.SearchBox_Page.checkSearchBoxExistance(SearchBox_Page.java:23)
	at TailorManWebsitePages.SearchBox_Page.checkSearchBoxExistance(SearchBox_Page.java:23)
	at TailorManWebsitePages.SearchBox_Page.checkSearchBoxExistance(SearchBox_Page.java:23)
	at TailorManWebsitePages.SearchBox_Page.checkSearchBoxExistance(SearchBox_Page.java:23)
	at TailorManWebsitePages.SearchBox_Page.checkSearchBoxExistance(SearchBox_Page.java:23)
	at TailorManWebsitePages.SearchBox_Page.checkSearchBoxExistance(SearchBox_Page.java:23)
	at TailorManWebsitePages.SearchBox_Page.checkSearchBoxExistance(SearchBox_Page.java:23)
	at TailorManWebsitePages.SearchBox_Page.checkSearchBoxExistance(SearchBox_Page.java:23)
	at TailorManWebsitePages.SearchBox_Page.checkSearchBoxExistance(SearchBox_Page.java:23)
	at TailorManWebsitePages.SearchBox_Page.checkSearchBoxExistance(SearchBox_Page.java:23)
	at TailorManWebsitePages.SearchBox_Page.checkSearchBoxExistance(SearchBox_Page.java:23)
	at TailorManWebsitePages.SearchBox_Page.checkSearchBoxExistance(SearchBox_Page.java:23)
	at TailorManWebsitePages.SearchBox_Page.checkSearchBoxExistance(SearchBox_Page.java:23)
	at TailorManWebsitePages.SearchBox_Page.checkSearchBoxExistance(SearchBox_Page.java:23)
	at TailorManWebsitePages.SearchBox_Page.checkSearchBoxExistance(SearchBox_Page.java:23)
	at TailorManWebsitePages.SearchBox_Page.checkSearchBoxExistance(SearchBox_Page.java:23)
	at TailorManWebsitePages.SearchBox_Page.checkSearchBoxExistance(SearchBox_Page.java:23)
	at TailorManWebsitePages.SearchBox_Page.checkSearchBoxExistance(SearchBox_Page.java:23)
	at TailorManWebsitePages.SearchBox_Page.checkSearchBoxExistance(SearchBox_Page.java:23)
	at TailorManWebsitePages.SearchBox_Page.checkSearchBoxExistance(SearchBox_Page.java:23)
	at TailorManWebsitePages.SearchBox_Page.checkSearchBoxExistance(SearchBox_Page.java:23)
	at TailorManWebsitePages.SearchBox_Page.checkSearchBoxExistance(SearchBox_Page.java:23)
	at TailorManWebsitePages.SearchBox_Page.checkSearchBoxExistance(SearchBox_Page.java:23)
	at TailorManWebsitePages.SearchBox_Page.checkSearchBoxExistance(SearchBox_Page.java:23)
	at TailorManWebsitePages.SearchBox_Page.checkSearchBoxExistance(SearchBox_Page.java:23)
	at TailorManWebsitePages.SearchBox_Page.checkSearchBoxExistance(SearchBox_Page.java:23)
	at TailorManWebsitePages.SearchBox_Page.checkSearchBoxExistance(SearchBox_Page.java:23)
	at TailorManWebsitePages.SearchBox_Page.checkSearchBoxExistance(SearchBox_Page.java:23)
	at TailorManWebsitePages.SearchBox_Page.checkSearchBoxExistance(SearchBox_Page.java:23)
	at TailorManWebsitePages.SearchBox_Page.checkSearchBoxExistance(SearchBox_Page.java:23)
	at TailorManWebsitePages.SearchBox_Page.checkSearchBoxExistance(SearchBox_Page.java:23)
	at TailorManWebsitePages.SearchBox_Page.checkSearchBoxExistance(SearchBox_Page.java:23)
	at TailorManWebsitePages.SearchBox_Page.checkSearchBoxExistance(SearchBox_Page.java:23)
	at TailorManWebsitePages.SearchBox_Page.checkSearchBoxExistance(SearchBox_Page.java:23)
	at TailorManWebsitePages.SearchBox_Page.checkSearchBoxExistance(SearchBox_Page.java:23)
	at TailorManWebsitePages.SearchBox_Page.checkSearchBoxExistance(SearchBox_Page.java:23)
	at TailorManWebsitePages.SearchBox_Page.checkSearchBoxExistance(SearchBox_Page.java:23)
	at TailorManWebsitePages.SearchBox_Page.checkSearchBoxExistance(SearchBox_Page.java:23)
	at TailorManWebsitePages.SearchBox_Page.checkSearchBoxExistance(SearchBox_Page.java:23)
	at TailorManWebsitePages.SearchBox_Page.checkSearchBoxExistance(SearchBox_Page.java:23)
	at TailorManWebsitePages.SearchBox_Page.checkSearchBoxExistance(SearchBox_Page.java:23)
	at TailorManWebsitePages.SearchBox_Page.checkSearchBoxExistance(SearchBox_Page.java:23)
	at TailorManWebsitePages.SearchBox_Page.checkSearchBoxExistance(SearchBox_Page.java:23)
	at TailorManWebsitePages.SearchBox_Page.checkSearchBoxExistance(SearchBox_Page.java:23)
	at TailorManWebsitePages.SearchBox_Page.checkSearchBoxExistance(SearchBox_Page.java:23)
	at TailorManWebsitePages.SearchBox_Page.checkSearchBoxExistance(SearchBox_Page.java:23)
	at TailorManWebsitePages.SearchBox_Page.checkSearchBoxExistance(SearchBox_Page.java:23)
	at TailorManWebsitePages.SearchBox_Page.checkSearchBoxExistance(SearchBox_Page.java:23)
	at TailorManWebsitePages.SearchBox_Page.checkSearchBoxExistance(SearchBox_Page.java:23)
	at TailorManWebsitePages.SearchBox_Page.checkSearchBoxExistance(SearchBox_Page.java:23)
	at TailorManWebsitePages.SearchBox_Page.checkSearchBoxExistance(SearchBox_Page.java:23)
	at TailorManWebsitePages.SearchBox_Page.checkSearchBoxExistance(SearchBox_Page.java:23)
	at TailorManWebsitePages.SearchBox_Page.checkSearchBoxExistance(SearchBox_Page.java:23)
	at TailorManWebsitePages.SearchBox_Page.checkSearchBoxExistance(SearchBox_Page.java:23)
	at TailorManWebsitePages.SearchBox_Page.checkSearchBoxExistance(SearchBox_Page.java:23)
	at TailorManWebsitePages.SearchBox_Page.checkSearchBoxExistance(SearchBox_Page.java:23)
	at TailorManWebsitePages.SearchBox_Page.checkSearchBoxExistance(SearchBox_Page.java:23)
	at TailorManWebsitePages.SearchBox_Page.checkSearchBoxExistance(SearchBox_Page.java:23)
	at TailorManWebsitePages.SearchBox_Page.checkSearchBoxExistance(SearchBox_Page.java:23)
	at TailorManWebsitePages.SearchBox_Page.checkSearchBoxExistance(SearchBox_Page.java:23)
	at TailorManWebsitePages.SearchBox_Page.checkSearchBoxExistance(SearchBox_Page.java:23)
	at TailorManWebsitePages.SearchBox_Page.checkSearchBoxExistance(SearchBox_Page.java:23)
	at TailorManWebsitePages.SearchBox_Page.checkSearchBoxExistance(SearchBox_Page.java:23)
	at TailorManWebsitePages.SearchBox_Page.checkSearchBoxExistance(SearchBox_Page.java:23)
	at TailorManWebsitePages.SearchBox_Page.checkSearchBoxExistance(SearchBox_Page.java:23)
	at TailorManWebsitePages.SearchBox_Page.checkSearchBoxExistance(SearchBox_Page.java:23)
	at TailorManWebsitePages.SearchBox_Page.checkSearchBoxExistance(SearchBox_Page.java:23)
	at TailorManWebsitePages.SearchBox_Page.checkSearchBoxExistance(SearchBox_Page.java:23)
	at TailorManWebsitePages.SearchBox_Page.checkSearchBoxExistance(SearchBox_Page.java:23)
	at TailorManWebsitePages.SearchBox_Page.checkSearchBoxExistance(SearchBox_Page.java:23)
	at TailorManWebsitePages.SearchBox_Page.checkSearchBoxExistance(SearchBox_Page.java:23)
	at TailorManWebsitePages.SearchBox_Page.checkSearchBoxExistance(SearchBox_Page.java:23)
	at TailorManWebsitePages.SearchBox_Page.checkSearchBoxExistance(SearchBox_Page.java:23)
	at TailorManWebsitePages.SearchBox_Page.checkSearchBoxExistance(SearchBox_Page.java:23)
	at TailorManWebsitePages.SearchBox_Page.checkSearchBoxExistance(SearchBox_Page.java:23)
	at TailorManWebsitePages.SearchBox_Page.checkSearchBoxExistance(SearchBox_Page.java:23)
	at TailorManWebsitePages.SearchBox_Page.checkSearchBoxExistance(SearchBox_Page.java:23)
	at TailorManWebsitePages.SearchBox_Page.checkSearchBoxExistance(SearchBox_Page.java:23)
	at TailorManWebsitePages.SearchBox_Page.checkSearchBoxExistance(SearchBox_Page.java:23)
	at TailorManWebsitePages.SearchBox_Page.checkSearchBoxExistance(SearchBox_Page.java:23)
	at TailorManWebsitePages.SearchBox_Page.checkSearchBoxExistance(SearchBox_Page.java:23)
	at TailorManWebsitePages.SearchBox_Page.checkSearchBoxExistance(SearchBox_Page.java:23)
	at TailorManWebsitePages.SearchBox_Page.checkSearchBoxExistance(SearchBox_Page.java:23)
	at TailorManWebsitePages.SearchBox_Page.checkSearchBoxExistance(SearchBox_Page.java:23)
	at TailorManWebsitePages.SearchBox_Page.checkSearchBoxExistance(SearchBox_Page.java:23)
	at TailorManWebsitePages.SearchBox_Page.checkSearchBoxExistance(SearchBox_Page.java:23)
	at TailorManWebsitePages.SearchBox_Page.checkSearchBoxExistance(SearchBox_Page.java:23)
	at TailorManWebsitePages.SearchBox_Page.checkSearchBoxExistance(SearchBox_Page.java:23)
	at TailorManWebsitePages.SearchBox_Page.checkSearchBoxExistance(SearchBox_Page.java:23)
	at TailorManWebsitePages.SearchBox_Page.checkSearchBoxExistance(SearchBox_Page.java:23)
	at TailorManWebsitePages.SearchBox_Page.checkSearchBoxExistance(SearchBox_Page.java:23)
	at TailorManWebsitePages.SearchBox_Page.checkSearchBoxExistance(SearchBox_Page.java:23)
	at TailorManWebsitePages.SearchBox_Page.checkSearchBoxExistance(SearchBox_Page.java:23)
	at TailorManWebsitePages.SearchBox_Page.checkSearchBoxExistance(SearchBox_Page.java:23)
	at TailorManWebsitePages.SearchBox_Page.checkSearchBoxExistance(SearchBox_Page.java:23)
	at TailorManWebsitePages.SearchBox_Page.checkSearchBoxExistance(SearchBox_Page.java:23)
	at TailorManWebsitePages.SearchBox_Page.checkSearchBoxExistance(SearchBox_Page.java:23)
	at TailorManWebsitePages.SearchBox_Page.checkSearchBoxExistance(SearchBox_Page.java:23)
	at TailorManWebsitePages.SearchBox_Page.checkSearchBoxExistance(SearchBox_Page.java:23)
	at TailorManWebsitePages.SearchBox_Page.checkSearchBoxExistance(SearchBox_Page.java:23)
	at TailorManWebsitePages.SearchBox_Page.checkSearchBoxExistance(SearchBox_Page.java:23)
	at TailorManWebsitePages.SearchBox_Page.checkSearchBoxExistance(SearchBox_Page.java:23)
	at TailorManWebsitePages.SearchBox_Page.checkSearchBoxExistance(SearchBox_Page.java:23)
	at TailorManWebsitePages.SearchBox_Page.checkSearchBoxExistance(SearchBox_Page.java:23)
	at TailorManWebsitePages.SearchBox_Page.checkSearchBoxExistance(SearchBox_Page.java:23)
	at TailorManWebsitePages.SearchBox_Page.checkSearchBoxExistance(SearchBox_Page.java:23)
	at TailorManWebsitePages.SearchBox_Page.checkSearchBoxExistance(SearchBox_Page.java:23)
	at TailorManWebsitePages.SearchBox_Page.checkSearchBoxExistance(SearchBox_Page.java:23)
	at TailorManWebsitePages.SearchBox_Page.checkSearchBoxExistance(SearchBox_Page.java:23)
	at TailorManWebsitePages.SearchBox_Page.checkSearchBoxExistance(SearchBox_Page.java:23)
	at TailorManWebsitePages.SearchBox_Page.checkSearchBoxExistance(SearchBox_Page.java:23)
	at TailorManWebsitePages.SearchBox_Page.checkSearchBoxExistance(SearchBox_Page.java:23)
	at TailorManWebsitePages.SearchBox_Page.checkSearchBoxExistance(SearchBox_Page.java:23)
	at TailorManWebsitePages.SearchBox_Page.checkSearchBoxExistance(SearchBox_Page.java:23)
	at TailorManWebsitePages.SearchBox_Page.checkSearchBoxExistance(SearchBox_Page.java:23)
	at TailorManWebsitePages.SearchBox_Page.checkSearchBoxExistance(SearchBox_Page.java:23)
	at TailorManWebsitePages.SearchBox_Page.checkSearchBoxExistance(SearchBox_Page.java:23)
	at TailorManWebsitePages.SearchBox_Page.checkSearchBoxExistance(SearchBox_Page.java:23)
	at TailorManWebsitePages.SearchBox_Page.checkSearchBoxExistance(SearchBox_Page.java:23)
	at TailorManWebsitePages.SearchBox_Page.checkSearchBoxExistance(SearchBox_Page.java:23)
	at TailorManWebsitePages.SearchBox_Page.checkSearchBoxExistance(SearchBox_Page.java:23)
	at TailorManWebsitePages.SearchBox_Page.checkSearchBoxExistance(SearchBox_Page.java:23)
	at TailorManWebsitePages.SearchBox_Page.checkSearchBoxExistance(SearchBox_Page.java:23)
	at TailorManWebsitePages.SearchBox_Page.checkSearchBoxExistance(SearchBox_Page.java:23)
	at TailorManWebsitePages.SearchBox_Page.checkSearchBoxExistance(SearchBox_Page.java:23)
	at TailorManWebsitePages.SearchBox_Page.checkSearchBoxExistance(SearchBox_Page.java:23)
	at TailorManWebsitePages.SearchBox_Page.checkSearchBoxExistance(SearchBox_Page.java:23)
	at TailorManWebsitePages.SearchBox_Page.checkSearchBoxExistance(SearchBox_Page.java:23)
	at TailorManWebsitePages.SearchBox_Page.checkSearchBoxExistance(SearchBox_Page.java:23)
	at TailorManWebsitePages.SearchBox_Page.checkSearchBoxExistance(SearchBox_Page.java:23)
	at TailorManWebsitePages.SearchBox_Page.checkSearchBoxExistance(SearchBox_Page.java:23)
	at TailorManWebsitePages.SearchBox_Page.checkSearchBoxExistance(SearchBox_Page.java:23)
	at TailorManWebsitePages.SearchBox_Page.checkSearchBoxExistance(SearchBox_Page.java:23)
	at TailorManWebsitePages.SearchBox_Page.checkSearchBoxExistance(SearchBox_Page.java:23)
	at TailorManWebsitePages.SearchBox_Page.checkSearchBoxExistance(SearchBox_Page.java:23)
	at TailorManWebsitePages.SearchBox_Page.checkSearchBoxExistance(SearchBox_Page.java:23)
	at TailorManWebsitePages.SearchBox_Page.checkSearchBoxExistance(SearchBox_Page.java:23)
	at TailorManWebsitePages.SearchBox_Page.checkSearchBoxExistance(SearchBox_Page.java:23)
	at TailorManWebsitePages.SearchBox_Page.checkSearchBoxExistance(SearchBox_Page.java:23)
	at TailorManWebsitePages.SearchBox_Page.checkSearchBoxExistance(SearchBox_Page.java:23)
	at TailorManWebsitePages.SearchBox_Page.checkSearchBoxExistance(SearchBox_Page.java:23)
	at TailorManWebsitePages.SearchBox_Page.checkSearchBoxExistance(SearchBox_Page.java:23)
	at TailorManWebsitePages.SearchBox_Page.checkSearchBoxExistance(SearchBox_Page.java:23)
	at TailorManWebsitePages.SearchBox_Page.checkSearchBoxExistance(SearchBox_Page.java:23)
	at TailorManWebsitePages.SearchBox_Page.checkSearchBoxExistance(SearchBox_Page.java:23)
	at TailorManWebsitePages.SearchBox_Page.checkSearchBoxExistance(SearchBox_Page.java:23)
	at TailorManWebsitePages.SearchBox_Page.checkSearchBoxExistance(SearchBox_Page.java:23)
	at TailorManWebsitePages.SearchBox_Page.checkSearchBoxExistance(SearchBox_Page.java:23)
	at TailorManWebsitePages.SearchBox_Page.checkSearchBoxExistance(SearchBox_Page.java:23)
	at TailorManWebsitePages.SearchBox_Page.checkSearchBoxExistance(SearchBox_Page.java:23)
	at TailorManWebsitePages.SearchBox_Page.checkSearchBoxExistance(SearchBox_Page.java:23)
	at TailorManWebsitePages.SearchBox_Page.checkSearchBoxExistance(SearchBox_Page.java:23)
	at TailorManWebsitePages.SearchBox_Page.checkSearchBoxExistance(SearchBox_Page.java:23)
	at TailorManWebsitePages.SearchBox_Page.checkSearchBoxExistance(SearchBox_Page.java:23)
	at TailorManWebsitePages.SearchBox_Page.checkSearchBoxExistance(SearchBox_Page.java:23)
	at TailorManWebsitePages.SearchBox_Page.checkSearchBoxExistance(SearchBox_Page.java:23)
	at TailorManWebsitePages.SearchBox_Page.checkSearchBoxExistance(SearchBox_Page.java:23)
	at TailorManWebsitePages.SearchBox_Page.checkSearchBoxExistance(SearchBox_Page.java:23)
	at TailorManWebsitePages.SearchBox_Page.checkSearchBoxExistance(SearchBox_Page.java:23)
	at TailorManWebsitePages.SearchBox_Page.checkSearchBoxExistance(SearchBox_Page.java:23)
	at TailorManWebsitePages.SearchBox_Page.checkSearchBoxExistance(SearchBox_Page.java:23)
	at TailorManWebsitePages.SearchBox_Page.checkSearchBoxExistance(SearchBox_Page.java:23)
	at TailorManWebsitePages.SearchBox_Page.checkSearchBoxExistance(SearchBox_Page.java:23)
	at TailorManWebsitePages.SearchBox_Page.checkSearchBoxExistance(SearchBox_Page.java:23)
	at TailorManWebsitePages.SearchBox_Page.checkSearchBoxExistance(SearchBox_Page.java:23)
	at TailorManWebsitePages.SearchBox_Page.checkSearchBoxExistance(SearchBox_Page.java:23)
	at TailorManWebsitePages.SearchBox_Page.checkSearchBoxExistance(SearchBox_Page.java:23)
	at TailorManWebsitePages.SearchBox_Page.checkSearchBoxExistance(SearchBox_Page.java:23)
	at TailorManWebsitePages.SearchBox_Page.checkSearchBoxExistance(SearchBox_Page.java:23)
	at TailorManWebsitePages.SearchBox_Page.checkSearchBoxExistance(SearchBox_Page.java:23)
	at TailorManWebsitePages.SearchBox_Page.checkSearchBoxExistance(SearchBox_Page.java:23)
	at TailorManWebsitePages.SearchBox_Page.checkSearchBoxExistance(SearchBox_Page.java:23)
	at TailorManWebsitePages.SearchBox_Page.checkSearchBoxExistance(SearchBox_Page.java:23)
	at TailorManWebsitePages.SearchBox_Page.checkSearchBoxExistance(SearchBox_Page.java:23)
	at TailorManWebsitePages.SearchBox_Page.checkSearchBoxExistance(SearchBox_Page.java:23)
	at TailorManWebsitePages.SearchBox_Page.checkSearchBoxExistance(SearchBox_Page.java:23)
	at TailorManWebsitePages.SearchBox_Page.checkSearchBoxExistance(SearchBox_Page.java:23)
	at TailorManWebsitePages.SearchBox_Page.checkSearchBoxExistance(SearchBox_Page.java:23)
	at TailorManWebsitePages.SearchBox_Page.checkSearchBoxExistance(SearchBox_Page.java:23)
	at TailorManWebsitePages.SearchBox_Page.checkSearchBoxExistance(SearchBox_Page.java:23)
	at TailorManWebsitePages.SearchBox_Page.checkSearchBoxExistance(SearchBox_Page.java:23)
	at TailorManWebsitePages.SearchBox_Page.checkSearchBoxExistance(SearchBox_Page.java:23)
	at TailorManWebsitePages.SearchBox_Page.checkSearchBoxExistance(SearchBox_Page.java:23)
	at TailorManWebsitePages.SearchBox_Page.checkSearchBoxExistance(SearchBox_Page.java:23)
	at TailorManWebsitePages.SearchBox_Page.checkSearchBoxExistance(SearchBox_Page.java:23)
	at TailorManWebsitePages.SearchBox_Page.checkSearchBoxExistance(SearchBox_Page.java:23)
	at TailorManWebsitePages.SearchBox_Page.checkSearchBoxExistance(SearchBox_Page.java:23)
	at TailorManWebsitePages.SearchBox_Page.checkSearchBoxExistance(SearchBox_Page.java:23)
	at TailorManWebsitePages.SearchBox_Page.checkSearchBoxExistance(SearchBox_Page.java:23)
	at TailorManWebsitePages.SearchBox_Page.checkSearchBoxExistance(SearchBox_Page.java:23)
	at TailorManWebsitePages.SearchBox_Page.checkSearchBoxExistance(SearchBox_Page.java:23)
	at TailorManWebsitePages.SearchBox_Page.checkSearchBoxExistance(SearchBox_Page.java:23)
	at TailorManWebsitePages.SearchBox_Page.checkSearchBoxExistance(SearchBox_Page.java:23)
	at TailorManWebsitePages.SearchBox_Page.checkSearchBoxExistance(SearchBox_Page.java:23)
	at TailorManWebsitePages.SearchBox_Page.checkSearchBoxExistance(SearchBox_Page.java:23)
	at TailorManWebsitePages.SearchBox_Page.checkSearchBoxExistance(SearchBox_Page.java:23)
	at TailorManWebsitePages.SearchBox_Page.checkSearchBoxExistance(SearchBox_Page.java:23)
	at TailorManWebsitePages.SearchBox_Page.checkSearchBoxExistance(SearchBox_Page.java:23)
	at TailorManWebsitePages.SearchBox_Page.checkSearchBoxExistance(SearchBox_Page.java:23)
	at TailorManWebsitePages.SearchBox_Page.checkSearchBoxExistance(SearchBox_Page.java:23)
	at TailorManWebsitePages.SearchBox_Page.checkSearchBoxExistance(SearchBox_Page.java:23)
	at TailorManWebsitePages.SearchBox_Page.checkSearchBoxExistance(SearchBox_Page.java:23)
	at TailorManWebsitePages.SearchBox_Page.checkSearchBoxExistance(SearchBox_Page.java:23)
	at TailorManWebsitePages.SearchBox_Page.checkSearchBoxExistance(SearchBox_Page.java:23)
	at TailorManWebsitePages.SearchBox_Page.checkSearchBoxExistance(SearchBox_Page.java:23)
	at TailorManWebsitePages.SearchBox_Page.checkSearchBoxExistance(SearchBox_Page.java:23)
	at TailorManWebsitePages.SearchBox_Page.checkSearchBoxExistance(SearchBox_Page.java:23)
	at TailorManWebsitePages.SearchBox_Page.checkSearchBoxExistance(SearchBox_Page.java:23)
	at TailorManWebsitePages.SearchBox_Page.checkSearchBoxExistance(SearchBox_Page.java:23)
	at TailorManWebsitePages.SearchBox_Page.checkSearchBoxExistance(SearchBox_Page.java:23)
	at TailorManWebsitePages.SearchBox_Page.checkSearchBoxExistance(SearchBox_Page.java:23)
	at TailorManWebsitePages.SearchBox_Page.checkSearchBoxExistance(SearchBox_Page.java:23)
	at TailorManWebsitePages.SearchBox_Page.checkSearchBoxExistance(SearchBox_Page.java:23)
	at TailorManWebsitePages.SearchBox_Page.checkSearchBoxExistance(SearchBox_Page.java:23)
	at TailorManWebsitePages.SearchBox_Page.checkSearchBoxExistance(SearchBox_Page.java:23)
	at TailorManWebsitePages.SearchBox_Page.checkSearchBoxExistance(SearchBox_Page.java:23)
	at TailorManWebsitePages.SearchBox_Page.checkSearchBoxExistance(SearchBox_Page.java:23)
	at TailorManWebsitePages.SearchBox_Page.checkSearchBoxExistance(SearchBox_Page.java:23)
	at TailorManWebsitePages.SearchBox_Page.checkSearchBoxExistance(SearchBox_Page.java:23)
	at TailorManWebsitePages.SearchBox_Page.checkSearchBoxExistance(SearchBox_Page.java:23)
	at TailorManWebsitePages.SearchBox_Page.checkSearchBoxExistance(SearchBox_Page.java:23)
	at TailorManWebsitePages.SearchBox_Page.checkSearchBoxExistance(SearchBox_Page.java:23)
	at TailorManWebsitePages.SearchBox_Page.checkSearchBoxExistance(SearchBox_Page.java:23)
	at TailorManWebsitePages.SearchBox_Page.checkSearchBoxExistance(SearchBox_Page.java:23)
	at TailorManWebsitePages.SearchBox_Page.checkSearchBoxExistance(SearchBox_Page.java:23)
	at TailorManWebsitePages.SearchBox_Page.checkSearchBoxExistance(SearchBox_Page.java:23)
	at TailorManWebsitePages.SearchBox_Page.checkSearchBoxExistance(SearchBox_Page.java:23)
	at TailorManWebsitePages.SearchBox_Page.checkSearchBoxExistance(SearchBox_Page.java:23)
	at TailorManWebsitePages.SearchBox_Page.checkSearchBoxExistance(SearchBox_Page.java:23)
	at TailorManWebsitePages.SearchBox_Page.checkSearchBoxExistance(SearchBox_Page.java:23)
	at TailorManWebsitePages.SearchBox_Page.checkSearchBoxExistance(SearchBox_Page.java:23)
	at TailorManWebsitePages.SearchBox_Page.checkSearchBoxExistance(SearchBox_Page.java:23)
	at TailorManWebsitePages.SearchBox_Page.checkSearchBoxExistance(SearchBox_Page.java:23)
	at TailorManWebsitePages.SearchBox_Page.checkSearchBoxExistance(SearchBox_Page.java:23)
	at TailorManWebsitePages.SearchBox_Page.checkSearchBoxExistance(SearchBox_Page.java:23)
	at TailorManWebsitePages.SearchBox_Page.checkSearchBoxExistance(SearchBox_Page.java:23)
	at TailorManWebsitePages.SearchBox_Page.checkSearchBoxExistance(SearchBox_Page.java:23)
	at TailorManWebsitePages.SearchBox_Page.checkSearchBoxExistance(SearchBox_Page.java:23)
	at TailorManWebsitePages.SearchBox_Page.checkSearchBoxExistance(SearchBox_Page.java:23)
	at TailorManWebsitePages.SearchBox_Page.checkSearchBoxExistance(SearchBox_Page.java:23)
	at TailorManWebsitePages.SearchBox_Page.checkSearchBoxExistance(SearchBox_Page.java:23)
	at TailorManWebsitePages.SearchBox_Page.checkSearchBoxExistance(SearchBox_Page.java:23)
	at TailorManWebsitePages.SearchBox_Page.checkSearchBoxExistance(SearchBox_Page.java:23)
	at TailorManWebsitePages.SearchBox_Page.checkSearchBoxExistance(SearchBox_Page.java:23)
	at TailorManWebsitePages.SearchBox_Page.checkSearchBoxExistance(SearchBox_Page.java:23)
	at TailorManWebsitePages.SearchBox_Page.checkSearchBoxExistance(SearchBox_Page.java:23)
	at TailorManWebsitePages.SearchBox_Page.checkSearchBoxExistance(SearchBox_Page.java:23)
	at TailorManWebsitePages.SearchBox_Page.checkSearchBoxExistance(SearchBox_Page.java:23)
	at TailorManWebsitePages.SearchBox_Page.checkSearchBoxExistance(SearchBox_Page.java:23)
	at TailorManWebsitePages.SearchBox_Page.checkSearchBoxExistance(SearchBox_Page.java:23)
	at TailorManWebsitePages.SearchBox_Page.checkSearchBoxExistance(SearchBox_Page.java:23)
	at TailorManWebsitePages.SearchBox_Page.checkSearchBoxExistance(SearchBox_Page.java:23)
	at TailorManWebsitePages.SearchBox_Page.checkSearchBoxExistance(SearchBox_Page.java:23)
	at TailorManWebsitePages.SearchBox_Page.checkSearchBoxExistance(SearchBox_Page.java:23)
	at TailorManWebsitePages.SearchBox_Page.checkSearchBoxExistance(SearchBox_Page.java:23)
	at TailorManWebsitePages.SearchBox_Page.checkSearchBoxExistance(SearchBox_Page.java:23)
	at TailorManWebsitePages.SearchBox_Page.checkSearchBoxExistance(SearchBox_Page.java:23)
	at TailorManWebsitePages.SearchBox_Page.checkSearchBoxExistance(SearchBox_Page.java:23)
	at TailorManWebsitePages.SearchBox_Page.checkSearchBoxExistance(SearchBox_Page.java:23)
	at TailorManWebsitePages.SearchBox_Page.checkSearchBoxExistance(SearchBox_Page.java:23)
	at TailorManWebsitePages.SearchBox_Page.checkSearchBoxExistance(SearchBox_Page.java:23)
	at TailorManWebsitePages.SearchBox_Page.checkSearchBoxExistance(SearchBox_Page.java:23)
	at TailorManWebsitePages.SearchBox_Page.checkSearchBoxExistance(SearchBox_Page.java:23)
	at TailorManWebsitePages.SearchBox_Page.checkSearchBoxExistance(SearchBox_Page.java:23)
	at TailorManWebsitePages.SearchBox_Page.checkSearchBoxExistance(SearchBox_Page.java:23)
	at TailorManWebsitePages.SearchBox_Page.checkSearchBoxExistance(SearchBox_Page.java:23)
	at TailorManWebsitePages.SearchBox_Page.checkSearchBoxExistance(SearchBox_Page.java:23)
	at TailorManWebsitePages.SearchBox_Page.checkSearchBoxExistance(SearchBox_Page.java:23)
	at TailorManWebsitePages.SearchBox_Page.checkSearchBoxExistance(SearchBox_Page.java:23)
	at TailorManWebsitePages.SearchBox_Page.checkSearchBoxExistance(SearchBox_Page.java:23)
	at TailorManWebsitePages.SearchBox_Page.checkSearchBoxExistance(SearchBox_Page.java:23)
	at TailorManWebsitePages.SearchBox_Page.checkSearchBoxExistance(SearchBox_Page.java:23)
	at TailorManWebsitePages.SearchBox_Page.checkSearchBoxExistance(SearchBox_Page.java:23)
	at TailorManWebsitePages.SearchBox_Page.checkSearchBoxExistance(SearchBox_Page.java:23)
	at TailorManWebsitePages.SearchBox_Page.checkSearchBoxExistance(SearchBox_Page.java:23)
	at TailorManWebsitePages.SearchBox_Page.checkSearchBoxExistance(SearchBox_Page.java:23)
	at TailorManWebsitePages.SearchBox_Page.checkSearchBoxExistance(SearchBox_Page.java:23)
	at TailorManWebsitePages.SearchBox_Page.checkSearchBoxExistance(SearchBox_Page.java:23)
	at TailorManWebsitePages.SearchBox_Page.checkSearchBoxExistance(SearchBox_Page.java:23)
	at TailorManWebsitePages.SearchBox_Page.checkSearchBoxExistance(SearchBox_Page.java:23)
	at TailorManWebsitePages.SearchBox_Page.checkSearchBoxExistance(SearchBox_Page.java:23)
	at TailorManWebsitePages.SearchBox_Page.checkSearchBoxExistance(SearchBox_Page.java:23)
	at TailorManWebsitePages.SearchBox_Page.checkSearchBoxExistance(SearchBox_Page.java:23)
	at TailorManWebsitePages.SearchBox_Page.checkSearchBoxExistance(SearchBox_Page.java:23)
	at TailorManWebsitePages.SearchBox_Page.checkSearchBoxExistance(SearchBox_Page.java:23)
	at TailorManWebsitePages.SearchBox_Page.checkSearchBoxExistance(SearchBox_Page.java:23)
	at TailorManWebsitePages.SearchBox_Page.checkSearchBoxExistance(SearchBox_Page.java:23)
	at TailorManWebsitePages.SearchBox_Page.checkSearchBoxExistance(SearchBox_Page.java:23)
	at TailorManWebsitePages.SearchBox_Page.checkSearchBoxExistance(SearchBox_Page.java:23)
	at TailorManWebsitePages.SearchBox_Page.checkSearchBoxExistance(SearchBox_Page.java:23)
	at TailorManWebsitePages.SearchBox_Page.checkSearchBoxExistance(SearchBox_Page.java:23)
	at TailorManWebsitePages.SearchBox_Page.checkSearchBoxExistance(SearchBox_Page.java:23)
	at TailorManWebsitePages.SearchBox_Page.checkSearchBoxExistance(SearchBox_Page.java:23)
	at TailorManWebsitePages.SearchBox_Page.checkSearchBoxExistance(SearchBox_Page.java:23)
	at TailorManWebsitePages.SearchBox_Page.checkSearchBoxExistance(SearchBox_Page.java:23)
	at TailorManWebsitePages.SearchBox_Page.checkSearchBoxExistance(SearchBox_Page.java:23)
	at TailorManWebsitePages.SearchBox_Page.checkSearchBoxExistance(SearchBox_Page.java:23)
	at TailorManWebsitePages.SearchBox_Page.checkSearchBoxExistance(SearchBox_Page.java:23)
	at TailorManWebsitePages.SearchBox_Page.checkSearchBoxExistance(SearchBox_Page.java:23)
	at TailorManWebsitePages.SearchBox_Page.checkSearchBoxExistance(SearchBox_Page.java:23)
	at TailorManWebsitePages.SearchBox_Page.checkSearchBoxExistance(SearchBox_Page.java:23)
	at TailorManWebsitePages.SearchBox_Page.checkSearchBoxExistance(SearchBox_Page.java:23)
	at TailorManWebsitePages.SearchBox_Page.checkSearchBoxExistance(SearchBox_Page.java:23)
	at TailorManWebsitePages.SearchBox_Page.checkSearchBoxExistance(SearchBox_Page.java:23)
	at TailorManWebsitePages.SearchBox_Page.checkSearchBoxExistance(SearchBox_Page.java:23)
	at TailorManWebsitePages.SearchBox_Page.checkSearchBoxExistance(SearchBox_Page.java:23)
	at TailorManWebsitePages.SearchBox_Page.checkSearchBoxExistance(SearchBox_Page.java:23)
	at TailorManWebsitePages.SearchBox_Page.checkSearchBoxExistance(SearchBox_Page.java:23)
	at TailorManWebsitePages.SearchBox_Page.checkSearchBoxExistance(SearchBox_Page.java:23)
	at TailorManWebsitePages.SearchBox_Page.checkSearchBoxExistance(SearchBox_Page.java:23)
	at TailorManWebsitePages.SearchBox_Page.checkSearchBoxExistance(SearchBox_Page.java:23)
	at TailorManWebsitePages.SearchBox_Page.checkSearchBoxExistance(SearchBox_Page.java:23)
	at TailorManWebsitePages.SearchBox_Page.checkSearchBoxExistance(SearchBox_Page.java:23)
	at TailorManWebsitePages.SearchBox_Page.checkSearchBoxExistance(SearchBox_Page.java:23)
	at TailorManWebsitePages.SearchBox_Page.checkSearchBoxExistance(SearchBox_Page.java:23)
	at TailorManWebsitePages.SearchBox_Page.checkSearchBoxExistance(SearchBox_Page.java:23)
	at TailorManWebsitePages.SearchBox_Page.checkSearchBoxExistance(SearchBox_Page.java:23)
	at TailorManWebsitePages.SearchBox_Page.checkSearchBoxExistance(SearchBox_Page.java:23)
	at TailorManWebsitePages.SearchBox_Page.checkSearchBoxExistance(SearchBox_Page.java:23)
	at TailorManWebsitePages.SearchBox_Page.checkSearchBoxExistance(SearchBox_Page.java:23)
	at TailorManWebsitePages.SearchBox_Page.checkSearchBoxExistance(SearchBox_Page.java:23)
	at TailorManWebsitePages.SearchBox_Page.checkSearchBoxExistance(SearchBox_Page.java:23)
	at TailorManWebsitePages.SearchBox_Page.checkSearchBoxExistance(SearchBox_Page.java:23)
	at TailorManWebsitePages.SearchBox_Page.checkSearchBoxExistance(SearchBox_Page.java:23)
	at TailorManWebsitePages.SearchBox_Page.checkSearchBoxExistance(SearchBox_Page.java:23)
	at TailorManWebsitePages.SearchBox_Page.checkSearchBoxExistance(SearchBox_Page.java:23)
	at TailorManWebsitePages.SearchBox_Page.checkSearchBoxExistance(SearchBox_Page.java:23)
	at TailorManWebsitePages.SearchBox_Page.checkSearchBoxExistance(SearchBox_Page.java:23)
	at TailorManWebsitePages.SearchBox_Page.checkSearchBoxExistance(SearchBox_Page.java:23)
	at TailorManWebsitePages.SearchBox_Page.checkSearchBoxExistance(SearchBox_Page.java:23)
	at TailorManWebsitePages.SearchBox_Page.checkSearchBoxExistance(SearchBox_Page.java:23)
	at TailorManWebsitePages.SearchBox_Page.checkSearchBoxExistance(SearchBox_Page.java:23)
	at TailorManWebsitePages.SearchBox_Page.checkSearchBoxExistance(SearchBox_Page.java:23)
	at TailorManWebsitePages.SearchBox_Page.checkSearchBoxExistance(SearchBox_Page.java:23)
	at TailorManWebsitePages.SearchBox_Page.checkSearchBoxExistance(SearchBox_Page.java:23)
	at TailorManWebsitePages.SearchBox_Page.checkSearchBoxExistance(SearchBox_Page.java:23)
	at TailorManWebsitePages.SearchBox_Page.checkSearchBoxExistance(SearchBox_Page.java:23)
	at TailorManWebsitePages.SearchBox_Page.checkSearchBoxExistance(SearchBox_Page.java:23)
	at TailorManWebsitePages.SearchBox_Page.checkSearchBoxExistance(SearchBox_Page.java:23)
	at TailorManWebsitePages.SearchBox_Page.checkSearchBoxExistance(SearchBox_Page.java:23)
	at TailorManWebsitePages.SearchBox_Page.checkSearchBoxExistance(SearchBox_Page.java:23)
	at TailorManWebsitePages.SearchBox_Page.checkSearchBoxExistance(SearchBox_Page.java:23)
	at TailorManWebsitePages.SearchBox_Page.checkSearchBoxExistance(SearchBox_Page.java:23)
	at TailorManWebsitePages.SearchBox_Page.checkSearchBoxExistance(SearchBox_Page.java:23)
	at TailorManWebsitePages.SearchBox_Page.checkSearchBoxExistance(SearchBox_Page.java:23)
	at TailorManWebsitePages.SearchBox_Page.checkSearchBoxExistance(SearchBox_Page.java:23)
	at TailorManWebsitePages.SearchBox_Page.checkSearchBoxExistance(SearchBox_Page.java:23)
	at TailorManWebsitePages.SearchBox_Page.checkSearchBoxExistance(SearchBox_Page.java:23)
	at TailorManWebsitePages.SearchBox_Page.checkSearchBoxExistance(SearchBox_Page.java:23)
	at TailorManWebsitePages.SearchBox_Page.checkSearchBoxExistance(SearchBox_Page.java:23)
	at TailorManWebsitePages.SearchBox_Page.checkSearchBoxExistance(SearchBox_Page.java:23)
	at TailorManWebsitePages.SearchBox_Page.checkSearchBoxExistance(SearchBox_Page.java:23)
	at TailorManWebsitePages.SearchBox_Page.checkSearchBoxExistance(SearchBox_Page.java:23)
	at TailorManWebsitePages.SearchBox_Page.checkSearchBoxExistance(SearchBox_Page.java:23)
	at TailorManWebsitePages.SearchBox_Page.checkSearchBoxExistance(SearchBox_Page.java:23)
	at TailorManWebsitePages.SearchBox_Page.checkSearchBoxExistance(SearchBox_Page.java:23)
	at TailorManWebsitePages.SearchBox_Page.checkSearchBoxExistance(SearchBox_Page.java:23)
	at TailorManWebsitePages.SearchBox_Page.checkSearchBoxExistance(SearchBox_Page.java:23)
	at TailorManWebsitePages.SearchBox_Page.checkSearchBoxExistance(SearchBox_Page.java:23)
	at TailorManWebsitePages.SearchBox_Page.checkSearchBoxExistance(SearchBox_Page.java:23)
	at TailorManWebsitePages.SearchBox_Page.checkSearchBoxExistance(SearchBox_Page.java:23)
	at TailorManWebsitePages.SearchBox_Page.checkSearchBoxExistance(SearchBox_Page.java:23)
	at TailorManWebsitePages.SearchBox_Page.checkSearchBoxExistance(SearchBox_Page.java:23)
	at TailorManWebsitePages.SearchBox_Page.checkSearchBoxExistance(SearchBox_Page.java:23)
	at TailorManWebsitePages.SearchBox_Page.checkSearchBoxExistance(SearchBox_Page.java:23)
	at TailorManWebsitePages.SearchBox_Page.checkSearchBoxExistance(SearchBox_Page.java:23)
	at TailorManWebsitePages.SearchBox_Page.checkSearchBoxExistance(SearchBox_Page.java:23)
	at TailorManWebsitePages.SearchBox_Page.checkSearchBoxExistance(SearchBox_Page.java:23)
	at TailorManWebsitePages.SearchBox_Page.checkSearchBoxExistance(SearchBox_Page.java:23)
	at TailorManWebsitePages.SearchBox_Page.checkSearchBoxExistance(SearchBox_Page.java:23)
	at TailorManWebsitePages.SearchBox_Page.checkSearchBoxExistance(SearchBox_Page.java:23)
	at TailorManWebsitePages.SearchBox_Page.checkSearchBoxExistance(SearchBox_Page.java:23)
	at TailorManWebsitePages.SearchBox_Page.checkSearchBoxExistance(SearchBox_Page.java:23)
	at TailorManWebsitePages.SearchBox_Page.checkSearchBoxExistance(SearchBox_Page.java:23)
	at TailorManWebsitePages.SearchBox_Page.checkSearchBoxExistance(SearchBox_Page.java:23)
	at TailorManWebsitePages.SearchBox_Page.checkSearchBoxExistance(SearchBox_Page.java:23)
	at TailorManWebsitePages.SearchBox_Page.checkSearchBoxExistance(SearchBox_Page.java:23)
	at TailorManWebsitePages.SearchBox_Page.checkSearchBoxExistance(SearchBox_Page.java:23)
	at TailorManWebsitePages.SearchBox_Page.checkSearchBoxExistance(SearchBox_Page.java:23)
	at TailorManWebsitePages.SearchBox_Page.checkSearchBoxExistance(SearchBox_Page.java:23)
	at TailorManWebsitePages.SearchBox_Page.checkSearchBoxExistance(SearchBox_Page.java:23)
	at TailorManWebsitePages.SearchBox_Page.checkSearchBoxExistance(SearchBox_Page.java:23)
	at TailorManWebsitePages.SearchBox_Page.checkSearchBoxExistance(SearchBox_Page.java:23)
	at TailorManWebsitePages.SearchBox_Page.checkSearchBoxExistance(SearchBox_Page.java:23)
	at TailorManWebsitePages.SearchBox_Page.checkSearchBoxExistance(SearchBox_Page.java:23)
	at TailorManWebsitePages.SearchBox_Page.checkSearchBoxExistance(SearchBox_Page.java:23)
	at TailorManWebsitePages.SearchBox_Page.checkSearchBoxExistance(SearchBox_Page.java:23)
	at TailorManWebsitePages.SearchBox_Page.checkSearchBoxExistance(SearchBox_Page.java:23)
	at TailorManWebsitePages.SearchBox_Page.checkSearchBoxExistance(SearchBox_Page.java:23)
	at TailorManWebsitePages.SearchBox_Page.checkSearchBoxExistance(SearchBox_Page.java:23)
	at TailorManWebsitePages.SearchBox_Page.checkSearchBoxExistance(SearchBox_Page.java:23)
	at TailorManWebsitePages.SearchBox_Page.checkSearchBoxExistance(SearchBox_Page.java:23)
	at TailorManWebsitePages.SearchBox_Page.checkSearchBoxExistance(SearchBox_Page.java:23)
	at TailorManWebsitePages.SearchBox_Page.checkSearchBoxExistance(SearchBox_Page.java:23)
	at TailorManWebsitePages.SearchBox_Page.checkSearchBoxExistance(SearchBox_Page.java:23)
	at TailorManWebsitePages.SearchBox_Page.checkSearchBoxExistance(SearchBox_Page.java:23)
	at TailorManWebsitePages.SearchBox_Page.checkSearchBoxExistance(SearchBox_Page.java:23)
	at TailorManWebsitePages.SearchBox_Page.checkSearchBoxExistance(SearchBox_Page.java:23)
	at TailorManWebsitePages.SearchBox_Page.checkSearchBoxExistance(SearchBox_Page.java:23)
	at TailorManWebsitePages.SearchBox_Page.checkSearchBoxExistance(SearchBox_Page.java:23)
	at TailorManWebsitePages.SearchBox_Page.checkSearchBoxExistance(SearchBox_Page.java:23)
	at TailorManWebsitePages.SearchBox_Page.checkSearchBoxExistance(SearchBox_Page.java:23)
	at TailorManWebsitePages.SearchBox_Page.checkSearchBoxExistance(SearchBox_Page.java:23)
	at TailorManWebsitePages.SearchBox_Page.checkSearchBoxExistance(SearchBox_Page.java:23)
	at TailorManWebsitePages.SearchBox_Page.checkSearchBoxExistance(SearchBox_Page.java:23)
	at TailorManWebsitePages.SearchBox_Page.checkSearchBoxExistance(SearchBox_Page.java:23)
	at TailorManWebsitePages.SearchBox_Page.checkSearchBoxExistance(SearchBox_Page.java:23)
	at TailorManWebsitePages.SearchBox_Page.checkSearchBoxExistance(SearchBox_Page.java:23)
	at TailorManWebsitePages.SearchBox_Page.checkSearchBoxExistance(SearchBox_Page.java:23)
	at TailorManWebsitePages.SearchBox_Page.checkSearchBoxExistance(SearchBox_Page.java:23)
	at TailorManWebsitePages.SearchBox_Page.checkSearchBoxExistance(SearchBox_Page.java:23)
	at TailorManWebsitePages.SearchBox_Page.checkSearchBoxExistance(SearchBox_Page.java:23)
	at TailorManWebsitePages.SearchBox_Page.checkSearchBoxExistance(SearchBox_Page.java:23)
	at TailorManWebsitePages.SearchBox_Page.checkSearchBoxExistance(SearchBox_Page.java:23)
	at TailorManWebsitePages.SearchBox_Page.checkSearchBoxExistance(SearchBox_Page.java:23)
	at TailorManWebsitePages.SearchBox_Page.checkSearchBoxExistance(SearchBox_Page.java:23)
	at TailorManWebsitePages.SearchBox_Page.checkSearchBoxExistance(SearchBox_Page.java:23)
	at TailorManWebsitePages.SearchBox_Page.checkSearchBoxExistance(SearchBox_Page.java:23)
	at TailorManWebsitePages.SearchBox_Page.checkSearchBoxExistance(SearchBox_Page.java:23)
	at TailorManWebsitePages.SearchBox_Page.checkSearchBoxExistance(SearchBox_Page.java:23)
	at TailorManWebsitePages.SearchBox_Page.checkSearchBoxExistance(SearchBox_Page.java:23)
	at TailorManWebsitePages.SearchBox_Page.checkSearchBoxExistance(SearchBox_Page.java:23)
	at TailorManWebsitePages.SearchBox_Page.checkSearchBoxExistance(SearchBox_Page.java:23)
	at TailorManWebsitePages.SearchBox_Page.checkSearchBoxExistance(SearchBox_Page.java:23)
	at TailorManWebsitePages.SearchBox_Page.checkSearchBoxExistance(SearchBox_Page.java:23)
	at TailorManWebsitePages.SearchBox_Page.checkSearchBoxExistance(SearchBox_Page.java:23)
	at TailorManWebsitePages.SearchBox_Page.checkSearchBoxExistance(SearchBox_Page.java:23)
	at TailorManWebsitePages.SearchBox_Page.checkSearchBoxExistance(SearchBox_Page.java:23)
	at TailorManWebsitePages.SearchBox_Page.checkSearchBoxExistance(SearchBox_Page.java:23)
	at TailorManWebsitePages.SearchBox_Page.checkSearchBoxExistance(SearchBox_Page.java:23)
	at TailorManWebsitePages.SearchBox_Page.checkSearchBoxExistance(SearchBox_Page.java:23)
	at TailorManWebsitePages.SearchBox_Page.checkSearchBoxExistance(SearchBox_Page.java:23)
	at TailorManWebsitePages.SearchBox_Page.checkSearchBoxExistance(SearchBox_Page.java:23)
	at TailorManWebsitePages.SearchBox_Page.checkSearchBoxExistance(SearchBox_Page.java:23)
	at TailorManWebsitePages.SearchBox_Page.checkSearchBoxExistance(SearchBox_Page.java:23)
	at TailorManWebsitePages.SearchBox_Page.checkSearchBoxExistance(SearchBox_Page.java:23)
	at TailorManWebsitePages.SearchBox_Page.checkSearchBoxExistance(SearchBox_Page.java:23)
	at TailorManWebsitePages.SearchBox_Page.checkSearchBoxExistance(SearchBox_Page.java:23)
	at TailorManWebsitePages.SearchBox_Page.checkSearchBoxExistance(SearchBox_Page.java:23)
	at TailorManWebsitePages.SearchBox_Page.checkSearchBoxExistance(SearchBox_Page.java:23)
	at TailorManWebsitePages.SearchBox_Page.checkSearchBoxExistance(SearchBox_Page.java:23)
	at TailorManWebsitePages.SearchBox_Page.checkSearchBoxExistance(SearchBox_Page.java:23)
	at TailorManWebsitePages.SearchBox_Page.checkSearchBoxExistance(SearchBox_Page.java:23)
	at TailorManWebsitePages.SearchBox_Page.checkSearchBoxExistance(SearchBox_Page.java:23)
	at TailorManWebsitePages.SearchBox_Page.checkSearchBoxExistance(SearchBox_Page.java:23)
	at TailorManWebsitePages.SearchBox_Page.checkSearchBoxExistance(SearchBox_Page.java:23)
	at TailorManWebsitePages.SearchBox_Page.checkSearchBoxExistance(SearchBox_Page.java:23)
	at TailorManWebsitePages.SearchBox_Page.checkSearchBoxExistance(SearchBox_Page.java:23)
	at TailorManWebsitePages.SearchBox_Page.checkSearchBoxExistance(SearchBox_Page.java:23)
	at TailorManWebsitePages.SearchBox_Page.checkSearchBoxExistance(SearchBox_Page.java:23)
	at TailorManWebsitePages.SearchBox_Page.checkSearchBoxExistance(SearchBox_Page.java:23)
	at TailorManWebsitePages.SearchBox_Page.checkSearchBoxExistance(SearchBox_Page.java:23)
	at TailorManWebsitePages.SearchBox_Page.checkSearchBoxExistance(SearchBox_Page.java:23)
	at TailorManWebsitePages.SearchBox_Page.checkSearchBoxExistance(SearchBox_Page.java:23)
	at TailorManWebsitePages.SearchBox_Page.checkSearchBoxExistance(SearchBox_Page.java:23)
	at TailorManWebsitePages.SearchBox_Page.checkSearchBoxExistance(SearchBox_Page.java:23)
	at TailorManWebsitePages.SearchBox_Page.checkSearchBoxExistance(SearchBox_Page.java:23)
	at TailorManWebsitePages.SearchBox_Page.checkSearchBoxExistance(SearchBox_Page.java:23)
	at TailorManWebsitePages.SearchBox_Page.checkSearchBoxExistance(SearchBox_Page.java:23)
	at TailorManWebsitePages.SearchBox_Page.checkSearchBoxExistance(SearchBox_Page.java:23)
	at TailorManWebsitePages.SearchBox_Page.checkSearchBoxExistance(SearchBox_Page.java:23)
	at TailorManWebsitePages.SearchBox_Page.checkSearchBoxExistance(SearchBox_Page.java:23)
	at TailorManWebsitePages.SearchBox_Page.checkSearchBoxExistance(SearchBox_Page.java:23)
	at TailorManWebsitePages.SearchBox_Page.checkSearchBoxExistance(SearchBox_Page.java:23)
	at TailorManWebsitePages.SearchBox_Page.checkSearchBoxExistance(SearchBox_Page.java:23)
	at TailorManWebsitePages.SearchBox_Page.checkSearchBoxExistance(SearchBox_Page.java:23)
	at TailorManWebsitePages.SearchBox_Page.checkSearchBoxExistance(SearchBox_Page.java:23)
	at TailorManWebsitePages.SearchBox_Page.checkSearchBoxExistance(SearchBox_Page.java:23)
	at TailorManWebsitePages.SearchBox_Page.checkSearchBoxExistance(SearchBox_Page.java:23)
	at TailorManWebsitePages.SearchBox_Page.checkSearchBoxExistance(SearchBox_Page.java:23)
	at TailorManWebsitePages.SearchBox_Page.checkSearchBoxExistance(SearchBox_Page.java:23)
	at TailorManWebsitePages.SearchBox_Page.checkSearchBoxExistance(SearchBox_Page.java:23)
	at TailorManWebsitePages.SearchBox_Page.checkSearchBoxExistance(SearchBox_Page.java:23)
	at TailorManWebsitePages.SearchBox_Page.checkSearchBoxExistance(SearchBox_Page.java:23)
	at TailorManWebsitePages.SearchBox_Page.checkSearchBoxExistance(SearchBox_Page.java:23)
	at TailorManWebsitePages.SearchBox_Page.checkSearchBoxExistance(SearchBox_Page.java:23)
	at TailorManWebsitePages.SearchBox_Page.checkSearchBoxExistance(SearchBox_Page.java:23)
	at TailorManWebsitePages.SearchBox_Page.checkSearchBoxExistance(SearchBox_Page.java:23)
	at TailorManWebsitePages.SearchBox_Page.checkSearchBoxExistance(SearchBox_Page.java:23)
	at TailorManWebsitePages.SearchBox_Page.checkSearchBoxExistance(SearchBox_Page.java:23)
	at TailorManWebsitePages.SearchBox_Page.checkSearchBoxExistance(SearchBox_Page.java:23)
	at TailorManWebsitePages.SearchBox_Page.checkSearchBoxExistance(SearchBox_Page.java:23)
	at TailorManWebsitePages.SearchBox_Page.checkSearchBoxExistance(SearchBox_Page.java:23)
	at TailorManWebsitePages.SearchBox_Page.checkSearchBoxExistance(SearchBox_Page.java:23)
	at TailorManWebsitePages.SearchBox_Page.checkSearchBoxExistance(SearchBox_Page.java:23)
	at TailorManWebsitePages.SearchBox_Page.checkSearchBoxExistance(SearchBox_Page.java:23)
	at TailorManWebsitePages.SearchBox_Page.checkSearchBoxExistance(SearchBox_Page.java:23)
	at TailorManWebsitePages.SearchBox_Page.checkSearchBoxExistance(SearchBox_Page.java:23)
	at TailorManWebsitePages.SearchBox_Page.checkSearchBoxExistance(SearchBox_Page.java:23)
	at TailorManWebsitePages.SearchBox_Page.checkSearchBoxExistance(SearchBox_Page.java:23)
	at TailorManWebsitePages.SearchBox_Page.checkSearchBoxExistance(SearchBox_Page.java:23)
	at TailorManWebsitePages.SearchBox_Page.checkSearchBoxExistance(SearchBox_Page.java:23)
	at TailorManWebsitePages.SearchBox_Page.checkSearchBoxExistance(SearchBox_Page.java:23)
	at TailorManWebsitePages.SearchBox_Page.checkSearchBoxExistance(SearchBox_Page.java:23)
	at TailorManWebsitePages.SearchBox_Page.checkSearchBoxExistance(SearchBox_Page.java:23)
	at TailorManWebsitePages.SearchBox_Page.checkSearchBoxExistance(SearchBox_Page.java:23)
	at TailorManWebsitePages.SearchBox_Page.checkSearchBoxExistance(SearchBox_Page.java:23)
	at TailorManWebsitePages.SearchBox_Page.checkSearchBoxExistance(SearchBox_Page.java:23)
	at TailorManWebsitePages.SearchBox_Page.checkSearchBoxExistance(SearchBox_Page.java:23)
	at TailorManWebsitePages.SearchBox_Page.checkSearchBoxExistance(SearchBox_Page.java:23)
	at TailorManWebsitePages.SearchBox_Page.checkSearchBoxExistance(SearchBox_Page.java:23)
	at TailorManWebsitePages.SearchBox_Page.checkSearchBoxExistance(SearchBox_Page.java:23)
	at TailorManWebsitePages.SearchBox_Page.checkSearchBoxExistance(SearchBox_Page.java:23)
	at TailorManWebsitePages.SearchBox_Page.checkSearchBoxExistance(SearchBox_Page.java:23)
	at TailorManWebsitePages.SearchBox_Page.checkSearchBoxExistance(SearchBox_Page.java:23)
	at TailorManWebsitePages.SearchBox_Page.checkSearchBoxExistance(SearchBox_Page.java:23)
	at TailorManWebsitePages.SearchBox_Page.checkSearchBoxExistance(SearchBox_Page.java:23)
	at TailorManWebsitePages.SearchBox_Page.checkSearchBoxExistance(SearchBox_Page.java:23)
	at TailorManWebsitePages.SearchBox_Page.checkSearchBoxExistance(SearchBox_Page.java:23)
	at TailorManWebsitePages.SearchBox_Page.checkSearchBoxExistance(SearchBox_Page.java:23)
	at TailorManWebsitePages.SearchBox_Page.checkSearchBoxExistance(SearchBox_Page.java:23)
	at TailorManWebsitePages.SearchBox_Page.checkSearchBoxExistance(SearchBox_Page.java:23)
	at TailorManWebsitePages.SearchBox_Page.checkSearchBoxExistance(SearchBox_Page.java:23)
	at TailorManWebsitePages.SearchBox_Page.checkSearchBoxExistance(SearchBox_Page.java:23)
	at TailorManWebsitePages.SearchBox_Page.checkSearchBoxExistance(SearchBox_Page.java:23)
	at TailorManWebsitePages.SearchBox_Page.checkSearchBoxExistance(SearchBox_Page.java:23)
	at TailorManWebsitePages.SearchBox_Page.checkSearchBoxExistance(SearchBox_Page.java:23)
	at TailorManWebsitePages.SearchBox_Page.checkSearchBoxExistance(SearchBox_Page.java:23)
	at TailorManWebsitePages.SearchBox_Page.checkSearchBoxExistance(SearchBox_Page.java:23)
	at TailorManWebsitePages.SearchBox_Page.checkSearchBoxExistance(SearchBox_Page.java:23)
	at TailorManWebsitePages.SearchBox_Page.checkSearchBoxExistance(SearchBox_Page.java:23)
	at TailorManWebsitePages.SearchBox_Page.checkSearchBoxExistance(SearchBox_Page.java:23)
	at TailorManWebsitePages.SearchBox_Page.checkSearchBoxExistance(SearchBox_Page.java:23)
	at TailorManWebsitePages.SearchBox_Page.checkSearchBoxExistance(SearchBox_Page.java:23)
	at TailorManWebsitePages.SearchBox_Page.checkSearchBoxExistance(SearchBox_Page.java:23)
	at TailorManWebsitePages.SearchBox_Page.checkSearchBoxExistance(SearchBox_Page.java:23)
	at TailorManWebsitePages.SearchBox_Page.checkSearchBoxExistance(SearchBox_Page.java:23)
	at TailorManWebsitePages.SearchBox_Page.checkSearchBoxExistance(SearchBox_Page.java:23)
	at TailorManWebsitePages.SearchBox_Page.checkSearchBoxExistance(SearchBox_Page.java:23)
	at TailorManWebsitePages.SearchBox_Page.checkSearchBoxExistance(SearchBox_Page.java:23)
	at TailorManWebsitePages.SearchBox_Page.checkSearchBoxExistance(SearchBox_Page.java:23)
	at TailorManWebsitePages.SearchBox_Page.checkSearchBoxExistance(SearchBox_Page.java:23)
	at TailorManWebsitePages.SearchBox_Page.checkSearchBoxExistance(SearchBox_Page.java:23)
	at TailorManWebsitePages.SearchBox_Page.checkSearchBoxExistance(SearchBox_Page.java:23)
	at TailorManWebsitePages.SearchBox_Page.checkSearchBoxExistance(SearchBox_Page.java:23)
	at TailorManWebsitePages.SearchBox_Page.checkSearchBoxExistance(SearchBox_Page.java:23)
	at TailorManWebsitePages.SearchBox_Page.checkSearchBoxExistance(SearchBox_Page.java:23)
	at TailorManWebsitePages.SearchBox_Page.checkSearchBoxExistance(SearchBox_Page.java:23)
	at TailorManWebsitePages.SearchBox_Page.checkSearchBoxExistance(SearchBox_Page.java:23)
	at TailorManWebsitePages.SearchBox_Page.checkSearchBoxExistance(SearchBox_Page.java:23)
	at TailorManWebsitePages.SearchBox_Page.checkSearchBoxExistance(SearchBox_Page.java:23)
	at TailorManWebsitePages.SearchBox_Page.checkSearchBoxExistance(SearchBox_Page.java:23)
	at TailorManWebsitePages.SearchBox_Page.checkSearchBoxExistance(SearchBox_Page.java:23)
	at TailorManWebsitePages.SearchBox_Page.checkSearchBoxExistance(SearchBox_Page.java:23)
	at TailorManWebsitePages.SearchBox_Page.checkSearchBoxExistance(SearchBox_Page.java:23)
	at TailorManWebsitePages.SearchBox_Page.checkSearchBoxExistance(SearchBox_Page.java:23)
	at TailorManWebsitePages.SearchBox_Page.checkSearchBoxExistance(SearchBox_Page.java:23)
	at TailorManWebsitePages.SearchBox_Page.checkSearchBoxExistance(SearchBox_Page.java:23)
	at TailorManWebsitePages.SearchBox_Page.checkSearchBoxExistance(SearchBox_Page.java:23)
	at TailorManWebsitePages.SearchBox_Page.checkSearchBoxExistance(SearchBox_Page.java:23)
	at TailorManWebsitePages.SearchBox_Page.checkSearchBoxExistance(SearchBox_Page.java:23)
	at TailorManWebsitePages.SearchBox_Page.checkSearchBoxExistance(SearchBox_Page.java:23)
	at TailorManWebsitePages.SearchBox_Page.checkSearchBoxExistance(SearchBox_Page.java:23)
	at TailorManWebsitePages.SearchBox_Page.checkSearchBoxExistance(SearchBox_Page.java:23)
	at TailorManWebsitePages.SearchBox_Page.checkSearchBoxExistance(SearchBox_Page.java:23)
	at TailorManWebsitePages.SearchBox_Page.checkSearchBoxExistance(SearchBox_Page.java:23)
	at TailorManWebsitePages.SearchBox_Page.checkSearchBoxExistance(SearchBox_Page.java:23)
	at TailorManWebsitePages.SearchBox_Page.checkSearchBoxExistance(SearchBox_Page.java:23)
	at TailorManWebsitePages.SearchBox_Page.checkSearchBoxExistance(SearchBox_Page.java:23)
	at TailorManWebsitePages.SearchBox_Page.checkSearchBoxExistance(SearchBox_Page.java:23)
	at TailorManWebsitePages.SearchBox_Page.checkSearchBoxExistance(SearchBox_Page.java:23)
	at TailorManWebsitePages.SearchBox_Page.checkSearchBoxExistance(SearchBox_Page.java:23)
	at TailorManWebsitePages.SearchBox_Page.checkSearchBoxExistance(SearchBox_Page.java:23)
	at TailorManWebsitePages.SearchBox_Page.checkSearchBoxExistance(SearchBox_Page.java:23)
	at TailorManWebsitePages.SearchBox_Page.checkSearchBoxExistance(SearchBox_Page.java:23)
	at TailorManWebsitePages.SearchBox_Page.checkSearchBoxExistance(SearchBox_Page.java:23)
	at TailorManWebsitePages.SearchBox_Page.checkSearchBoxExistance(SearchBox_Page.java:23)
	at TailorManWebsitePages.SearchBox_Page.checkSearchBoxExistance(SearchBox_Page.java:23)
	at TailorManWebsitePages.SearchBox_Page.checkSearchBoxExistance(SearchBox_Page.java:23)
	at TailorManWebsitePages.SearchBox_Page.checkSearchBoxExistance(SearchBox_Page.java:23)
	at TailorManWebsitePages.SearchBox_Page.checkSearchBoxExistance(SearchBox_Page.java:23)
	at TailorManWebsitePages.SearchBox_Page.checkSearchBoxExistance(SearchBox_Page.java:23)
	at TailorManWebsitePages.SearchBox_Page.checkSearchBoxExistance(SearchBox_Page.java:23)
	at TailorManWebsitePages.SearchBox_Page.checkSearchBoxExistance(SearchBox_Page.java:23)
	at TailorManWebsitePages.SearchBox_Page.checkSearchBoxExistance(SearchBox_Page.java:23)
	at TailorManWebsitePages.SearchBox_Page.checkSearchBoxExistance(SearchBox_Page.java:23)
	at TailorManWebsitePages.SearchBox_Page.checkSearchBoxExistance(SearchBox_Page.java:23)
	at TailorManWebsitePages.SearchBox_Page.checkSearchBoxExistance(SearchBox_Page.java:23)
	at TailorManWebsitePages.SearchBox_Page.checkSearchBoxExistance(SearchBox_Page.java:23)
	at TailorManWebsitePages.SearchBox_Page.checkSearchBoxExistance(SearchBox_Page.java:23)
	at TailorManWebsitePages.SearchBox_Page.checkSearchBoxExistance(SearchBox_Page.java:23)
	at TailorManWebsitePages.SearchBox_Page.checkSearchBoxExistance(SearchBox_Page.java:23)
	at TailorManWebsitePages.SearchBox_Page.checkSearchBoxExistance(SearchBox_Page.java:23)
	at TailorManWebsitePages.SearchBox_Page.checkSearchBoxExistance(SearchBox_Page.java:23)
	at TailorManWebsitePages.SearchBox_Page.checkSearchBoxExistance(SearchBox_Page.java:23)
	at TailorManWebsitePages.SearchBox_Page.checkSearchBoxExistance(SearchBox_Page.java:23)
	at TailorManWebsitePages.SearchBox_Page.checkSearchBoxExistance(SearchBox_Page.java:23)
	at TailorManWebsitePages.SearchBox_Page.checkSearchBoxExistance(SearchBox_Page.java:23)
	at TailorManWebsitePages.SearchBox_Page.checkSearchBoxExistance(SearchBox_Page.java:23)
	at TailorManWebsitePages.SearchBox_Page.checkSearchBoxExistance(SearchBox_Page.java:23)
	at TailorManWebsitePages.SearchBox_Page.checkSearchBoxExistance(SearchBox_Page.java:23)
	at TailorManWebsitePages.SearchBox_Page.checkSearchBoxExistance(SearchBox_Page.java:23)
	at TailorManWebsitePages.SearchBox_Page.checkSearchBoxExistance(SearchBox_Page.java:23)
	at TailorManWebsitePages.SearchBox_Page.checkSearchBoxExistance(SearchBox_Page.java:23)
	at TailorManWebsitePages.SearchBox_Page.checkSearchBoxExistance(SearchBox_Page.java:23)
	at TailorManWebsitePages.SearchBox_Page.checkSearchBoxExistance(SearchBox_Page.java:23)
	at TailorManWebsitePages.SearchBox_Page.checkSearchBoxExistance(SearchBox_Page.java:23)
	at TailorManWebsitePages.SearchBox_Page.checkSearchBoxExistance(SearchBox_Page.java:23)
	at TailorManWebsitePages.SearchBox_Page.checkSearchBoxExistance(SearchBox_Page.java:23)
	at TailorManWebsitePages.SearchBox_Page.checkSearchBoxExistance(SearchBox_Page.java:23)
	at TailorManWebsitePages.SearchBox_Page.checkSearchBoxExistance(SearchBox_Page.java:23)
	at TailorManWebsitePages.SearchBox_Page.checkSearchBoxExistance(SearchBox_Page.java:23)
	at TailorManWebsitePages.SearchBox_Page.checkSearchBoxExistance(SearchBox_Page.java:23)
	at TailorManWebsitePages.SearchBox_Page.checkSearchBoxExistance(SearchBox_Page.java:23)
	at TailorManWebsitePages.SearchBox_Page.checkSearchBoxExistance(SearchBox_Page.java:23)
	at TailorManWebsitePages.SearchBox_Page.checkSearchBoxExistance(SearchBox_Page.java:23)
	at TailorManWebsitePages.SearchBox_Page.checkSearchBoxExistance(SearchBox_Page.java:23)
	at TailorManWebsitePages.SearchBox_Page.checkSearchBoxExistance(SearchBox_Page.java:23)
	at TailorManWebsitePages.SearchBox_Page.checkSearchBoxExistance(SearchBox_Page.java:23)
	at TailorManWebsitePages.SearchBox_Page.checkSearchBoxExistance(SearchBox_Page.java:23)
	at TailorManWebsitePages.SearchBox_Page.checkSearchBoxExistance(SearchBox_Page.java:23)
	at TailorManWebsitePages.SearchBox_Page.checkSearchBoxExistance(SearchBox_Page.java:23)
	at TailorManWebsitePages.SearchBox_Page.checkSearchBoxExistance(SearchBox_Page.java:23)
	at TailorManWebsitePages.SearchBox_Page.checkSearchBoxExistance(SearchBox_Page.java:23)
	at TailorManWebsitePages.SearchBox_Page.checkSearchBoxExistance(SearchBox_Page.java:23)
	at TailorManWebsitePages.SearchBox_Page.checkSearchBoxExistance(SearchBox_Page.java:23)
	at TailorManWebsitePages.SearchBox_Page.checkSearchBoxExistance(SearchBox_Page.java:23)
	at TailorManWebsitePages.SearchBox_Page.checkSearchBoxExistance(SearchBox_Page.java:23)
	at TailorManWebsitePages.SearchBox_Page.checkSearchBoxExistance(SearchBox_Page.java:23)
	at TailorManWebsitePages.SearchBox_Page.checkSearchBoxExistance(SearchBox_Page.java:23)
	at TailorManWebsitePages.SearchBox_Page.checkSearchBoxExistance(SearchBox_Page.java:23)
	at TailorManWebsitePages.SearchBox_Page.checkSearchBoxExistance(SearchBox_Page.java:23)
	at TailorManWebsitePages.SearchBox_Page.checkSearchBoxExistance(SearchBox_Page.java:23)
	at TailorManWebsitePages.SearchBox_Page.checkSearchBoxExistance(SearchBox_Page.java:23)
	at TailorManWebsitePages.SearchBox_Page.checkSearchBoxExistance(SearchBox_Page.java:23)
	at TailorManWebsitePages.SearchBox_Page.checkSearchBoxExistance(SearchBox_Page.java:23)
	at TailorManWebsitePages.SearchBox_Page.checkSearchBoxExistance(SearchBox_Page.java:23)
	at TailorManWebsitePages.SearchBox_Page.checkSearchBoxExistance(SearchBox_Page.java:23)
	at TailorManWebsitePages.SearchBox_Page.checkSearchBoxExistance(SearchBox_Page.java:23)
	at TailorManWebsitePages.SearchBox_Page.checkSearchBoxExistance(SearchBox_Page.java:23)
	at TailorManWebsitePages.SearchBox_Page.checkSearchBoxExistance(SearchBox_Page.java:23)
	at TailorManWebsitePages.SearchBox_Page.checkSearchBoxExistance(SearchBox_Page.java:23)
	at TailorManWebsitePages.SearchBox_Page.checkSearchBoxExistance(SearchBox_Page.java:23)
	at TailorManWebsitePages.SearchBox_Page.checkSearchBoxExistance(SearchBox_Page.java:23)
	at TailorManWebsitePages.SearchBox_Page.checkSearchBoxExistance(SearchBox_Page.java:23)
	at TailorManWebsitePages.SearchBox_Page.checkSearchBoxExistance(SearchBox_Page.java:23)
	at TailorManWebsitePages.SearchBox_Page.checkSearchBoxExistance(SearchBox_Page.java:23)
	at TailorManWebsitePages.SearchBox_Page.checkSearchBoxExistance(SearchBox_Page.java:23)
	at TailorManWebsitePages.SearchBox_Page.checkSearchBoxExistance(SearchBox_Page.java:23)
	at TailorManWebsitePages.SearchBox_Page.checkSearchBoxExistance(SearchBox_Page.java:23)
	at TailorManWebsitePages.SearchBox_Page.checkSearchBoxExistance(SearchBox_Page.java:23)
	at TailorManWebsitePages.SearchBox_Page.checkSearchBoxExistance(SearchBox_Page.java:23)
	at TailorManWebsitePages.SearchBox_Page.checkSearchBoxExistance(SearchBox_Page.java:23)
	at TailorManWebsitePages.SearchBox_Page.checkSearchBoxExistance(SearchBox_Page.java:23)
	at TailorManWebsitePages.SearchBox_Page.checkSearchBoxExistance(SearchBox_Page.java:23)
	at TailorManWebsitePages.SearchBox_Page.checkSearchBoxExistance(SearchBox_Page.java:23)
	at TailorManWebsitePages.SearchBox_Page.checkSearchBoxExistance(SearchBox_Page.java:23)
	at TailorManWebsitePages.SearchBox_Page.checkSearchBoxExistance(SearchBox_Page.java:23)
	at TailorManWebsitePages.SearchBox_Page.checkSearchBoxExistance(SearchBox_Page.java:23)
	at TailorManWebsitePages.SearchBox_Page.checkSearchBoxExistance(SearchBox_Page.java:23)
	at TailorManWebsitePages.SearchBox_Page.checkSearchBoxExistance(SearchBox_Page.java:23)
	at TailorManWebsitePages.SearchBox_Page.checkSearchBoxExistance(SearchBox_Page.java:23)
	at TailorManWebsitePages.SearchBox_Page.checkSearchBoxExistance(SearchBox_Page.java:23)
	at TailorManWebsitePages.SearchBox_Page.checkSearchBoxExistance(SearchBox_Page.java:23)
	at TailorManWebsitePages.SearchBox_Page.checkSearchBoxExistance(SearchBox_Page.java:23)
	at TailorManWebsitePages.SearchBox_Page.checkSearchBoxExistance(SearchBox_Page.java:23)
	at TailorManWebsitePages.SearchBox_Page.checkSearchBoxExistance(SearchBox_Page.java:23)
	at TailorManWebsitePages.SearchBox_Page.checkSearchBoxExistance(SearchBox_Page.java:23)
	at TailorManWebsitePages.SearchBox_Page.checkSearchBoxExistance(SearchBox_Page.java:23)
	at TailorManWebsitePages.SearchBox_Page.checkSearchBoxExistance(SearchBox_Page.java:23)
	at TailorManWebsitePages.SearchBox_Page.checkSearchBoxExistance(SearchBox_Page.java:23)
	at TailorManWebsitePages.SearchBox_Page.checkSearchBoxExistance(SearchBox_Page.java:23)
	at TailorManWebsitePages.SearchBox_Page.checkSearchBoxExistance(SearchBox_Page.java:23)
	at TailorManWebsitePages.SearchBox_Page.checkSearchBoxExistance(SearchBox_Page.java:23)
	at TailorManWebsitePages.SearchBox_Page.checkSearchBoxExistance(SearchBox_Page.java:23)
	at TailorManWebsitePages.SearchBox_Page.checkSearchBoxExistance(SearchBox_Page.java:23)
	at TailorManWebsitePages.SearchBox_Page.checkSearchBoxExistance(SearchBox_Page.java:23)
	at TailorManWebsitePages.SearchBox_Page.checkSearchBoxExistance(SearchBox_Page.java:23)
]]>
    </error>
  </testcase> <!-- checkSearchBoxExistance -->
</testsuite> <!-- TailorManWebsitePages.SearchBox_Page -->
