<?xml version="1.0" encoding="UTF-8"?>
<!-- Generated by org.testng.reporters.JUnitReportReporter -->
<testsuite skipped="0" hostname="Walkingtree-PC" name="TailorManWebsiteScript.visitOurStore" tests="3" failures="0" timestamp="14 May 2018 13:56:38 GMT" time="18.793" errors="0">
  <testcase name="VerifyvisitOurStoreLinkExistance" time="13.421" classname="TailorManWebsiteScript.visitOurStore"/>
  <testcase name="VisitOurStoreLinkRedirection" time="0.543" classname="TailorManWebsiteScript.visitOurStore"/>
  <testcase name="checkCorrectStoreIsOpeningOrNot" time="4.829" classname="TailorManWebsiteScript.visitOurStore"/>
</testsuite> <!-- TailorManWebsiteScript.visitOurStore -->
