<?xml version="1.0" encoding="UTF-8"?>
<!-- Generated by org.testng.reporters.JUnitReportReporter -->
<testsuite skipped="0" hostname="Walkingtree-PC" name="TailorManWebsiteScript.visitOurStore" tests="2" failures="0" timestamp="07 May 2018 09:14:10 GMT" time="13.146" errors="0">
  <testcase name="VerifyvisitOurStoreLinkExistance" time="12.588" classname="TailorManWebsiteScript.visitOurStore"/>
  <testcase name="VisitOurStoreLinkRedirection" time="0.558" classname="TailorManWebsiteScript.visitOurStore"/>
</testsuite> <!-- TailorManWebsiteScript.visitOurStore -->
