<?xml version="1.0" encoding="UTF-8"?>
<!-- Generated by org.testng.reporters.JUnitReportReporter -->
<testsuite skipped="0" hostname="Walkingtree-PC" name="TailorManWebsiteScript.SearchBox" tests="5" failures="0" timestamp="10 May 2018 14:12:05 GMT" time="13.402" errors="0">
  <testcase name="checkSearchBoxExistance" time="12.273" classname="TailorManWebsiteScript.SearchBox"/>
  <testcase name="checkSearchBoxInputDisplayingOrNot" time="0.113" classname="TailorManWebsiteScript.SearchBox"/>
  <testcase name="verifyplaceholder" time="0.041" classname="TailorManWebsiteScript.SearchBox"/>
  <testcase name="CheckUserIsAbleToTypeOrNot" time="0.124" classname="TailorManWebsiteScript.SearchBox"/>
  <testcase name="applicationResponseIfResultIsNotMatching" time="0.851" classname="TailorManWebsiteScript.SearchBox"/>
</testsuite> <!-- TailorManWebsiteScript.SearchBox -->
